Building DAG of jobs...
Using shell: /usr/bin/bash
Provided cores: 4
Rules claiming more threads will be scaled down.
Conda environments: ignored
Job stats:
job            count
-----------  -------
all                1
calc_ll_esm        8
total              9

Select jobs to execute...
Execute 4 jobs...

[Tue Apr 15 16:25:52 2025]
localrule calc_ll_esm:
    input: max_freqs/Max_Freq_Fasta_pb2.csv, scripts/calc_ll_esm.py
    output: max_freqs_log_likelyhood/Max_Freq_Fasta_LL_pb2.csv
    jobid: 1
    reason: Missing output files: max_freqs_log_likelyhood/Max_Freq_Fasta_LL_pb2.csv
    wildcards: segment=pb2
    resources: tmpdir=/tmp


[Tue Apr 15 16:25:52 2025]
localrule calc_ll_esm:
    input: max_freqs/Max_Freq_Fasta_ns.csv, scripts/calc_ll_esm.py
    output: max_freqs_log_likelyhood/Max_Freq_Fasta_LL_ns.csv
    jobid: 25
    reason: Missing output files: max_freqs_log_likelyhood/Max_Freq_Fasta_LL_ns.csv
    wildcards: segment=ns
    resources: tmpdir=/tmp


[Tue Apr 15 16:25:52 2025]
localrule calc_ll_esm:
    input: max_freqs/Max_Freq_Fasta_na.csv, scripts/calc_ll_esm.py
    output: max_freqs_log_likelyhood/Max_Freq_Fasta_LL_na.csv
    jobid: 17
    reason: Missing output files: max_freqs_log_likelyhood/Max_Freq_Fasta_LL_na.csv
    wildcards: segment=na
    resources: tmpdir=/tmp


[Tue Apr 15 16:25:52 2025]
localrule calc_ll_esm:
    input: max_freqs/Max_Freq_Fasta_mp.csv, scripts/calc_ll_esm.py
    output: max_freqs_log_likelyhood/Max_Freq_Fasta_LL_mp.csv
    jobid: 21
    reason: Missing output files: max_freqs_log_likelyhood/Max_Freq_Fasta_LL_mp.csv
    wildcards: segment=mp
    resources: tmpdir=/tmp

[Tue Apr 15 16:25:54 2025]
Error in rule calc_ll_esm:
    jobid: 17
    input: max_freqs/Max_Freq_Fasta_na.csv, scripts/calc_ll_esm.py
    output: max_freqs_log_likelyhood/Max_Freq_Fasta_LL_na.csv
    shell:
        
        mkdir -p max_freqs_log_likelyhood
        python scripts/calc_ll_esm.py --max_freq max_freq --segment na
        mv Max_Freq_Fasta_LL_na.csv max_freqs_log_likelyhood/Max_Freq_Fasta_LL_na.csv
        
        (one of the commands exited with non-zero exit code; note that snakemake uses bash strict mode!)

[Tue Apr 15 16:25:54 2025]
Error in rule calc_ll_esm:
    jobid: 21
    input: max_freqs/Max_Freq_Fasta_mp.csv, scripts/calc_ll_esm.py
    output: max_freqs_log_likelyhood/Max_Freq_Fasta_LL_mp.csv
    shell:
        
        mkdir -p max_freqs_log_likelyhood
        python scripts/calc_ll_esm.py --max_freq max_freq --segment mp
        mv Max_Freq_Fasta_LL_mp.csv max_freqs_log_likelyhood/Max_Freq_Fasta_LL_mp.csv
        
        (one of the commands exited with non-zero exit code; note that snakemake uses bash strict mode!)

[Tue Apr 15 16:25:54 2025]
Error in rule calc_ll_esm:
    jobid: 25
    input: max_freqs/Max_Freq_Fasta_ns.csv, scripts/calc_ll_esm.py
    output: max_freqs_log_likelyhood/Max_Freq_Fasta_LL_ns.csv
    shell:
        
        mkdir -p max_freqs_log_likelyhood
        python scripts/calc_ll_esm.py --max_freq max_freq --segment ns
        mv Max_Freq_Fasta_LL_ns.csv max_freqs_log_likelyhood/Max_Freq_Fasta_LL_ns.csv
        
        (one of the commands exited with non-zero exit code; note that snakemake uses bash strict mode!)

[Tue Apr 15 16:25:54 2025]
Error in rule calc_ll_esm:
    jobid: 1
    input: max_freqs/Max_Freq_Fasta_pb2.csv, scripts/calc_ll_esm.py
    output: max_freqs_log_likelyhood/Max_Freq_Fasta_LL_pb2.csv
    shell:
        
        mkdir -p max_freqs_log_likelyhood
        python scripts/calc_ll_esm.py --max_freq max_freq --segment pb2
        mv Max_Freq_Fasta_LL_pb2.csv max_freqs_log_likelyhood/Max_Freq_Fasta_LL_pb2.csv
        
        (one of the commands exited with non-zero exit code; note that snakemake uses bash strict mode!)

Shutting down, this might take some time.
Exiting because a job execution failed. Look above for error message
Complete log: .snakemake/log/2025-04-15T162552.112500.snakemake.log
WorkflowError:
At least one job did not complete successfully.
