Building DAG of jobs...
Using shell: /usr/bin/bash
Provided cores: 8
Rules claiming more threads will be scaled down.
Conda environments: ignored
Job stats:
job            count
-----------  -------
all                1
calc_ll_esm        8
total              9

Select jobs to execute...
Execute 8 jobs...

[Tue Apr 15 16:31:43 2025]
localrule calc_ll_esm:
    input: max_freqs/Max_Freq_Fasta_na.csv, scripts/calc_ll_esm.py
    output: max_freqs_log_likelyhood/Max_Freq_Fasta_LL_na.csv
    jobid: 17
    reason: Missing output files: max_freqs_log_likelyhood/Max_Freq_Fasta_LL_na.csv
    wildcards: segment=na
    resources: tmpdir=/tmp


[Tue Apr 15 16:31:43 2025]
localrule calc_ll_esm:
    input: max_freqs/Max_Freq_Fasta_mp.csv, scripts/calc_ll_esm.py
    output: max_freqs_log_likelyhood/Max_Freq_Fasta_LL_mp.csv
    jobid: 21
    reason: Missing output files: max_freqs_log_likelyhood/Max_Freq_Fasta_LL_mp.csv
    wildcards: segment=mp
    resources: tmpdir=/tmp


[Tue Apr 15 16:31:43 2025]
localrule calc_ll_esm:
    input: max_freqs/Max_Freq_Fasta_pb2.csv, scripts/calc_ll_esm.py
    output: max_freqs_log_likelyhood/Max_Freq_Fasta_LL_pb2.csv
    jobid: 1
    reason: Missing output files: max_freqs_log_likelyhood/Max_Freq_Fasta_LL_pb2.csv
    wildcards: segment=pb2
    resources: tmpdir=/tmp


[Tue Apr 15 16:31:43 2025]
localrule calc_ll_esm:
    input: max_freqs/Max_Freq_Fasta_ns.csv, scripts/calc_ll_esm.py
    output: max_freqs_log_likelyhood/Max_Freq_Fasta_LL_ns.csv
    jobid: 25
    reason: Updated input files: scripts/calc_ll_esm.py
    wildcards: segment=ns
    resources: tmpdir=/tmp


[Tue Apr 15 16:31:43 2025]
localrule calc_ll_esm:
    input: max_freqs/Max_Freq_Fasta_pb1.csv, scripts/calc_ll_esm.py
    output: max_freqs_log_likelyhood/Max_Freq_Fasta_LL_pb1.csv
    jobid: 5
    reason: Missing output files: max_freqs_log_likelyhood/Max_Freq_Fasta_LL_pb1.csv
    wildcards: segment=pb1
    resources: tmpdir=/tmp


[Tue Apr 15 16:31:43 2025]
localrule calc_ll_esm:
    input: max_freqs/Max_Freq_Fasta_ha.csv, scripts/calc_ll_esm.py
    output: max_freqs_log_likelyhood/Max_Freq_Fasta_LL_ha.csv
    jobid: 29
    reason: Updated input files: scripts/calc_ll_esm.py
    wildcards: segment=ha
    resources: tmpdir=/tmp


[Tue Apr 15 16:31:43 2025]
localrule calc_ll_esm:
    input: max_freqs/Max_Freq_Fasta_pa.csv, scripts/calc_ll_esm.py
    output: max_freqs_log_likelyhood/Max_Freq_Fasta_LL_pa.csv
    jobid: 9
    reason: Missing output files: max_freqs_log_likelyhood/Max_Freq_Fasta_LL_pa.csv
    wildcards: segment=pa
    resources: tmpdir=/tmp


[Tue Apr 15 16:31:43 2025]
localrule calc_ll_esm:
    input: max_freqs/Max_Freq_Fasta_np.csv, scripts/calc_ll_esm.py
    output: max_freqs_log_likelyhood/Max_Freq_Fasta_LL_np.csv
    jobid: 13
    reason: Missing output files: max_freqs_log_likelyhood/Max_Freq_Fasta_LL_np.csv
    wildcards: segment=np
    resources: tmpdir=/tmp

[Tue Apr 15 16:31:54 2025]
Finished job 25.
1 of 9 steps (11%) done
[Tue Apr 15 16:31:54 2025]
Finished job 21.
2 of 9 steps (22%) done
[Tue Apr 15 16:31:57 2025]
Finished job 17.
3 of 9 steps (33%) done
[Tue Apr 15 16:31:58 2025]
Finished job 13.
4 of 9 steps (44%) done
[Tue Apr 15 16:32:00 2025]
Finished job 29.
5 of 9 steps (56%) done
[Tue Apr 15 16:32:03 2025]
Finished job 9.
6 of 9 steps (67%) done
[Tue Apr 15 16:32:04 2025]
Finished job 5.
7 of 9 steps (78%) done
[Tue Apr 15 16:32:04 2025]
Finished job 1.
8 of 9 steps (89%) done
Select jobs to execute...
Execute 1 jobs...

[Tue Apr 15 16:32:04 2025]
localrule all:
    input: max_freqs_log_likelyhood/Max_Freq_Fasta_LL_pb2.csv, max_freqs_log_likelyhood/Max_Freq_Fasta_LL_pb1.csv, max_freqs_log_likelyhood/Max_Freq_Fasta_LL_pa.csv, max_freqs_log_likelyhood/Max_Freq_Fasta_LL_np.csv, max_freqs_log_likelyhood/Max_Freq_Fasta_LL_na.csv, max_freqs_log_likelyhood/Max_Freq_Fasta_LL_mp.csv, max_freqs_log_likelyhood/Max_Freq_Fasta_LL_ns.csv, max_freqs_log_likelyhood/Max_Freq_Fasta_LL_ha.csv
    jobid: 0
    reason: Input files updated by another job: max_freqs_log_likelyhood/Max_Freq_Fasta_LL_pb1.csv, max_freqs_log_likelyhood/Max_Freq_Fasta_LL_pa.csv, max_freqs_log_likelyhood/Max_Freq_Fasta_LL_na.csv, max_freqs_log_likelyhood/Max_Freq_Fasta_LL_np.csv, max_freqs_log_likelyhood/Max_Freq_Fasta_LL_mp.csv, max_freqs_log_likelyhood/Max_Freq_Fasta_LL_pb2.csv, max_freqs_log_likelyhood/Max_Freq_Fasta_LL_ha.csv, max_freqs_log_likelyhood/Max_Freq_Fasta_LL_ns.csv
    resources: tmpdir=/tmp

[Tue Apr 15 16:32:04 2025]
Finished job 0.
9 of 9 steps (100%) done
Complete log: .snakemake/log/2025-04-15T163143.216776.snakemake.log
