Assuming unrestricted shared filesystem usage.
None
host: Nicolass-MacBook-Pro-2.local
Building DAG of jobs...
Using shell: /bin/bash
Provided cores: 8
Rules claiming more threads will be scaled down.
Job stats:
job                 count
----------------  -------
all                     1
extract_max_freq        8
total                   9

Select jobs to execute...
Execute 8 jobs...
[Tue Apr 15 14:06:01 2025]
localrule extract_max_freq:
    input: h3n2_Sequences/h3n2_60y_np.json, root_tree_translated/h3n2_60y_np_root-sequence.json, scripts/extract_max_freq.py
    output: max_freqs/max_freqs_np.json
    jobid: 7
    reason: Missing output files: max_freqs/max_freqs_np.json
    wildcards: segment=np
    resources: tmpdir=/var/folders/d9/c2g9f9wx3sz_p7hzxj26b9w00000gp/T

Activating conda environment: .snakemake/conda/c68281f7da3953da89c92cd799f1e235_
[Tue Apr 15 14:06:01 2025]
localrule extract_max_freq:
    input: h3n2_Sequences/h3n2_60y_pa.json, root_tree_translated/h3n2_60y_pa_root-sequence.json, scripts/extract_max_freq.py
    output: max_freqs/max_freqs_pa.json
    jobid: 5
    reason: Missing output files: max_freqs/max_freqs_pa.json
    wildcards: segment=pa
    resources: tmpdir=/var/folders/d9/c2g9f9wx3sz_p7hzxj26b9w00000gp/T

Activating conda environment: .snakemake/conda/c68281f7da3953da89c92cd799f1e235_
[Tue Apr 15 14:06:01 2025]
localrule extract_max_freq:
    input: h3n2_Sequences/h3n2_60y_ha.json, root_tree_translated/h3n2_60y_ha_root-sequence.json, scripts/extract_max_freq.py
    output: max_freqs/max_freqs_ha.json
    jobid: 15
    reason: Missing output files: max_freqs/max_freqs_ha.json
    wildcards: segment=ha
    resources: tmpdir=/var/folders/d9/c2g9f9wx3sz_p7hzxj26b9w00000gp/T

Activating conda environment: .snakemake/conda/c68281f7da3953da89c92cd799f1e235_
[Tue Apr 15 14:06:01 2025]
localrule extract_max_freq:
    input: h3n2_Sequences/h3n2_60y_ns.json, root_tree_translated/h3n2_60y_ns_root-sequence.json, scripts/extract_max_freq.py
    output: max_freqs/max_freqs_ns.json
    jobid: 13
    reason: Missing output files: max_freqs/max_freqs_ns.json
    wildcards: segment=ns
    resources: tmpdir=/var/folders/d9/c2g9f9wx3sz_p7hzxj26b9w00000gp/T

Activating conda environment: .snakemake/conda/c68281f7da3953da89c92cd799f1e235_
[Tue Apr 15 14:06:01 2025]
localrule extract_max_freq:
    input: h3n2_Sequences/h3n2_60y_pb1.json, root_tree_translated/h3n2_60y_pb1_root-sequence.json, scripts/extract_max_freq.py
    output: max_freqs/max_freqs_pb1.json
    jobid: 3
    reason: Missing output files: max_freqs/max_freqs_pb1.json
    wildcards: segment=pb1
    resources: tmpdir=/var/folders/d9/c2g9f9wx3sz_p7hzxj26b9w00000gp/T

Activating conda environment: .snakemake/conda/c68281f7da3953da89c92cd799f1e235_
[Tue Apr 15 14:06:01 2025]
localrule extract_max_freq:
    input: h3n2_Sequences/h3n2_60y_mp.json, root_tree_translated/h3n2_60y_mp_root-sequence.json, scripts/extract_max_freq.py
    output: max_freqs/max_freqs_mp.json
    jobid: 11
    reason: Missing output files: max_freqs/max_freqs_mp.json
    wildcards: segment=mp
    resources: tmpdir=/var/folders/d9/c2g9f9wx3sz_p7hzxj26b9w00000gp/T

Activating conda environment: .snakemake/conda/c68281f7da3953da89c92cd799f1e235_
[Tue Apr 15 14:06:01 2025]
localrule extract_max_freq:
    input: h3n2_Sequences/h3n2_60y_pb2.json, root_tree_translated/h3n2_60y_pb2_root-sequence.json, scripts/extract_max_freq.py
    output: max_freqs/max_freqs_pb2.json
    jobid: 1
    reason: Missing output files: max_freqs/max_freqs_pb2.json
    wildcards: segment=pb2
    resources: tmpdir=/var/folders/d9/c2g9f9wx3sz_p7hzxj26b9w00000gp/T

Activating conda environment: .snakemake/conda/c68281f7da3953da89c92cd799f1e235_
[Tue Apr 15 14:06:01 2025]
localrule extract_max_freq:
    input: h3n2_Sequences/h3n2_60y_na.json, root_tree_translated/h3n2_60y_na_root-sequence.json, scripts/extract_max_freq.py
    output: max_freqs/max_freqs_na.json
    jobid: 9
    reason: Missing output files: max_freqs/max_freqs_na.json
    wildcards: segment=na
    resources: tmpdir=/var/folders/d9/c2g9f9wx3sz_p7hzxj26b9w00000gp/T

Activating conda environment: .snakemake/conda/c68281f7da3953da89c92cd799f1e235_
Waiting for more resources.
RuleException:
CalledProcessError in file "/Users/Carlos/Desktop/Bedford/esm-selection/Flu_Snakemake_Pipeline/Snakefile", line 72:
Command 'source /Users/Carlos/miniforge3/bin/activate '/Users/Carlos/Desktop/Bedford/esm-selection/Flu_Snakemake_Pipeline/.snakemake/conda/c68281f7da3953da89c92cd799f1e235_'; set -euo pipefail;  
        mkdir -p max_freqs
        python scripts/extract_max_freq.py --gene np --local-files True --tree h3n2_Sequences/h3n2_60y_np.json --root root_tree_translated/h3n2_60y_np_root-sequence.json 
        mv max_freqs_np.json max_freqs/max_freqs_np.json' returned non-zero exit status 2.
[Tue Apr 15 14:06:03 2025]
Error in rule extract_max_freq:
    message: None
    jobid: 7
    input: h3n2_Sequences/h3n2_60y_np.json, root_tree_translated/h3n2_60y_np_root-sequence.json, scripts/extract_max_freq.py
    output: max_freqs/max_freqs_np.json
    conda-env: /Users/Carlos/Desktop/Bedford/esm-selection/Flu_Snakemake_Pipeline/.snakemake/conda/c68281f7da3953da89c92cd799f1e235_
    shell:
        
        mkdir -p max_freqs
        python scripts/extract_max_freq.py --gene np --local-files True --tree h3n2_Sequences/h3n2_60y_np.json --root root_tree_translated/h3n2_60y_np_root-sequence.json 
        mv max_freqs_np.json max_freqs/max_freqs_np.json
        
        (command exited with non-zero exit code)
RuleException:
CalledProcessError in file "/Users/Carlos/Desktop/Bedford/esm-selection/Flu_Snakemake_Pipeline/Snakefile", line 72:
Command 'source /Users/Carlos/miniforge3/bin/activate '/Users/Carlos/Desktop/Bedford/esm-selection/Flu_Snakemake_Pipeline/.snakemake/conda/c68281f7da3953da89c92cd799f1e235_'; set -euo pipefail;  
        mkdir -p max_freqs
        python scripts/extract_max_freq.py --gene ns --local-files True --tree h3n2_Sequences/h3n2_60y_ns.json --root root_tree_translated/h3n2_60y_ns_root-sequence.json 
        mv max_freqs_ns.json max_freqs/max_freqs_ns.json' returned non-zero exit status 2.
[Tue Apr 15 14:06:03 2025]
Error in rule extract_max_freq:
    message: None
    jobid: 13
    input: h3n2_Sequences/h3n2_60y_ns.json, root_tree_translated/h3n2_60y_ns_root-sequence.json, scripts/extract_max_freq.py
    output: max_freqs/max_freqs_ns.json
    conda-env: /Users/Carlos/Desktop/Bedford/esm-selection/Flu_Snakemake_Pipeline/.snakemake/conda/c68281f7da3953da89c92cd799f1e235_
    shell:
        
        mkdir -p max_freqs
        python scripts/extract_max_freq.py --gene ns --local-files True --tree h3n2_Sequences/h3n2_60y_ns.json --root root_tree_translated/h3n2_60y_ns_root-sequence.json 
        mv max_freqs_ns.json max_freqs/max_freqs_ns.json
        
        (command exited with non-zero exit code)
RuleException:
CalledProcessError in file "/Users/Carlos/Desktop/Bedford/esm-selection/Flu_Snakemake_Pipeline/Snakefile", line 72:
Command 'source /Users/Carlos/miniforge3/bin/activate '/Users/Carlos/Desktop/Bedford/esm-selection/Flu_Snakemake_Pipeline/.snakemake/conda/c68281f7da3953da89c92cd799f1e235_'; set -euo pipefail;  
        mkdir -p max_freqs
        python scripts/extract_max_freq.py --gene ha --local-files True --tree h3n2_Sequences/h3n2_60y_ha.json --root root_tree_translated/h3n2_60y_ha_root-sequence.json 
        mv max_freqs_ha.json max_freqs/max_freqs_ha.json' returned non-zero exit status 2.
[Tue Apr 15 14:06:03 2025]
Error in rule extract_max_freq:
    message: None
    jobid: 15
    input: h3n2_Sequences/h3n2_60y_ha.json, root_tree_translated/h3n2_60y_ha_root-sequence.json, scripts/extract_max_freq.py
    output: max_freqs/max_freqs_ha.json
    conda-env: /Users/Carlos/Desktop/Bedford/esm-selection/Flu_Snakemake_Pipeline/.snakemake/conda/c68281f7da3953da89c92cd799f1e235_
    shell:
        
        mkdir -p max_freqs
        python scripts/extract_max_freq.py --gene ha --local-files True --tree h3n2_Sequences/h3n2_60y_ha.json --root root_tree_translated/h3n2_60y_ha_root-sequence.json 
        mv max_freqs_ha.json max_freqs/max_freqs_ha.json
        
        (command exited with non-zero exit code)
RuleException:
CalledProcessError in file "/Users/Carlos/Desktop/Bedford/esm-selection/Flu_Snakemake_Pipeline/Snakefile", line 72:
Command 'source /Users/Carlos/miniforge3/bin/activate '/Users/Carlos/Desktop/Bedford/esm-selection/Flu_Snakemake_Pipeline/.snakemake/conda/c68281f7da3953da89c92cd799f1e235_'; set -euo pipefail;  
        mkdir -p max_freqs
        python scripts/extract_max_freq.py --gene na --local-files True --tree h3n2_Sequences/h3n2_60y_na.json --root root_tree_translated/h3n2_60y_na_root-sequence.json 
        mv max_freqs_na.json max_freqs/max_freqs_na.json' returned non-zero exit status 2.
[Tue Apr 15 14:06:03 2025]
Error in rule extract_max_freq:
    message: None
    jobid: 9
    input: h3n2_Sequences/h3n2_60y_na.json, root_tree_translated/h3n2_60y_na_root-sequence.json, scripts/extract_max_freq.py
    output: max_freqs/max_freqs_na.json
    conda-env: /Users/Carlos/Desktop/Bedford/esm-selection/Flu_Snakemake_Pipeline/.snakemake/conda/c68281f7da3953da89c92cd799f1e235_
    shell:
        
        mkdir -p max_freqs
        python scripts/extract_max_freq.py --gene na --local-files True --tree h3n2_Sequences/h3n2_60y_na.json --root root_tree_translated/h3n2_60y_na_root-sequence.json 
        mv max_freqs_na.json max_freqs/max_freqs_na.json
        
        (command exited with non-zero exit code)
RuleException:
CalledProcessError in file "/Users/Carlos/Desktop/Bedford/esm-selection/Flu_Snakemake_Pipeline/Snakefile", line 72:
Command 'source /Users/Carlos/miniforge3/bin/activate '/Users/Carlos/Desktop/Bedford/esm-selection/Flu_Snakemake_Pipeline/.snakemake/conda/c68281f7da3953da89c92cd799f1e235_'; set -euo pipefail;  
        mkdir -p max_freqs
        python scripts/extract_max_freq.py --gene pa --local-files True --tree h3n2_Sequences/h3n2_60y_pa.json --root root_tree_translated/h3n2_60y_pa_root-sequence.json 
        mv max_freqs_pa.json max_freqs/max_freqs_pa.json' returned non-zero exit status 2.
[Tue Apr 15 14:06:03 2025]
Error in rule extract_max_freq:
    message: None
    jobid: 5
    input: h3n2_Sequences/h3n2_60y_pa.json, root_tree_translated/h3n2_60y_pa_root-sequence.json, scripts/extract_max_freq.py
    output: max_freqs/max_freqs_pa.json
    conda-env: /Users/Carlos/Desktop/Bedford/esm-selection/Flu_Snakemake_Pipeline/.snakemake/conda/c68281f7da3953da89c92cd799f1e235_
    shell:
        
        mkdir -p max_freqs
        python scripts/extract_max_freq.py --gene pa --local-files True --tree h3n2_Sequences/h3n2_60y_pa.json --root root_tree_translated/h3n2_60y_pa_root-sequence.json 
        mv max_freqs_pa.json max_freqs/max_freqs_pa.json
        
        (command exited with non-zero exit code)
RuleException:
CalledProcessError in file "/Users/Carlos/Desktop/Bedford/esm-selection/Flu_Snakemake_Pipeline/Snakefile", line 72:
Command 'source /Users/Carlos/miniforge3/bin/activate '/Users/Carlos/Desktop/Bedford/esm-selection/Flu_Snakemake_Pipeline/.snakemake/conda/c68281f7da3953da89c92cd799f1e235_'; set -euo pipefail;  
        mkdir -p max_freqs
        python scripts/extract_max_freq.py --gene pb1 --local-files True --tree h3n2_Sequences/h3n2_60y_pb1.json --root root_tree_translated/h3n2_60y_pb1_root-sequence.json 
        mv max_freqs_pb1.json max_freqs/max_freqs_pb1.json' returned non-zero exit status 2.
[Tue Apr 15 14:06:03 2025]
Error in rule extract_max_freq:
    message: None
    jobid: 3
    input: h3n2_Sequences/h3n2_60y_pb1.json, root_tree_translated/h3n2_60y_pb1_root-sequence.json, scripts/extract_max_freq.py
    output: max_freqs/max_freqs_pb1.json
    conda-env: /Users/Carlos/Desktop/Bedford/esm-selection/Flu_Snakemake_Pipeline/.snakemake/conda/c68281f7da3953da89c92cd799f1e235_
    shell:
        
        mkdir -p max_freqs
        python scripts/extract_max_freq.py --gene pb1 --local-files True --tree h3n2_Sequences/h3n2_60y_pb1.json --root root_tree_translated/h3n2_60y_pb1_root-sequence.json 
        mv max_freqs_pb1.json max_freqs/max_freqs_pb1.json
        
        (command exited with non-zero exit code)
RuleException:
CalledProcessError in file "/Users/Carlos/Desktop/Bedford/esm-selection/Flu_Snakemake_Pipeline/Snakefile", line 72:
Command 'source /Users/Carlos/miniforge3/bin/activate '/Users/Carlos/Desktop/Bedford/esm-selection/Flu_Snakemake_Pipeline/.snakemake/conda/c68281f7da3953da89c92cd799f1e235_'; set -euo pipefail;  
        mkdir -p max_freqs
        python scripts/extract_max_freq.py --gene mp --local-files True --tree h3n2_Sequences/h3n2_60y_mp.json --root root_tree_translated/h3n2_60y_mp_root-sequence.json 
        mv max_freqs_mp.json max_freqs/max_freqs_mp.json' returned non-zero exit status 2.
[Tue Apr 15 14:06:03 2025]
Error in rule extract_max_freq:
    message: None
    jobid: 11
    input: h3n2_Sequences/h3n2_60y_mp.json, root_tree_translated/h3n2_60y_mp_root-sequence.json, scripts/extract_max_freq.py
    output: max_freqs/max_freqs_mp.json
    conda-env: /Users/Carlos/Desktop/Bedford/esm-selection/Flu_Snakemake_Pipeline/.snakemake/conda/c68281f7da3953da89c92cd799f1e235_
    shell:
        
        mkdir -p max_freqs
        python scripts/extract_max_freq.py --gene mp --local-files True --tree h3n2_Sequences/h3n2_60y_mp.json --root root_tree_translated/h3n2_60y_mp_root-sequence.json 
        mv max_freqs_mp.json max_freqs/max_freqs_mp.json
        
        (command exited with non-zero exit code)
RuleException:
CalledProcessError in file "/Users/Carlos/Desktop/Bedford/esm-selection/Flu_Snakemake_Pipeline/Snakefile", line 72:
Command 'source /Users/Carlos/miniforge3/bin/activate '/Users/Carlos/Desktop/Bedford/esm-selection/Flu_Snakemake_Pipeline/.snakemake/conda/c68281f7da3953da89c92cd799f1e235_'; set -euo pipefail;  
        mkdir -p max_freqs
        python scripts/extract_max_freq.py --gene pb2 --local-files True --tree h3n2_Sequences/h3n2_60y_pb2.json --root root_tree_translated/h3n2_60y_pb2_root-sequence.json 
        mv max_freqs_pb2.json max_freqs/max_freqs_pb2.json' returned non-zero exit status 2.
[Tue Apr 15 14:06:03 2025]
Error in rule extract_max_freq:
    message: None
    jobid: 1
    input: h3n2_Sequences/h3n2_60y_pb2.json, root_tree_translated/h3n2_60y_pb2_root-sequence.json, scripts/extract_max_freq.py
    output: max_freqs/max_freqs_pb2.json
    conda-env: /Users/Carlos/Desktop/Bedford/esm-selection/Flu_Snakemake_Pipeline/.snakemake/conda/c68281f7da3953da89c92cd799f1e235_
    shell:
        
        mkdir -p max_freqs
        python scripts/extract_max_freq.py --gene pb2 --local-files True --tree h3n2_Sequences/h3n2_60y_pb2.json --root root_tree_translated/h3n2_60y_pb2_root-sequence.json 
        mv max_freqs_pb2.json max_freqs/max_freqs_pb2.json
        
        (command exited with non-zero exit code)
Shutting down, this might take some time.
Exiting because a job execution failed. Look below for error messages
[Tue Apr 15 14:06:03 2025]
Error in rule extract_max_freq:
    message: None
    jobid: 7
    input: h3n2_Sequences/h3n2_60y_np.json, root_tree_translated/h3n2_60y_np_root-sequence.json, scripts/extract_max_freq.py
    output: max_freqs/max_freqs_np.json
    conda-env: /Users/Carlos/Desktop/Bedford/esm-selection/Flu_Snakemake_Pipeline/.snakemake/conda/c68281f7da3953da89c92cd799f1e235_
    shell:
        
        mkdir -p max_freqs
        python scripts/extract_max_freq.py --gene np --local-files True --tree h3n2_Sequences/h3n2_60y_np.json --root root_tree_translated/h3n2_60y_np_root-sequence.json 
        mv max_freqs_np.json max_freqs/max_freqs_np.json
        
        (command exited with non-zero exit code)
[Tue Apr 15 14:06:03 2025]
Error in rule extract_max_freq:
    message: None
    jobid: 5
    input: h3n2_Sequences/h3n2_60y_pa.json, root_tree_translated/h3n2_60y_pa_root-sequence.json, scripts/extract_max_freq.py
    output: max_freqs/max_freqs_pa.json
    conda-env: /Users/Carlos/Desktop/Bedford/esm-selection/Flu_Snakemake_Pipeline/.snakemake/conda/c68281f7da3953da89c92cd799f1e235_
    shell:
        
        mkdir -p max_freqs
        python scripts/extract_max_freq.py --gene pa --local-files True --tree h3n2_Sequences/h3n2_60y_pa.json --root root_tree_translated/h3n2_60y_pa_root-sequence.json 
        mv max_freqs_pa.json max_freqs/max_freqs_pa.json
        
        (command exited with non-zero exit code)
[Tue Apr 15 14:06:03 2025]
Error in rule extract_max_freq:
    message: None
    jobid: 15
    input: h3n2_Sequences/h3n2_60y_ha.json, root_tree_translated/h3n2_60y_ha_root-sequence.json, scripts/extract_max_freq.py
    output: max_freqs/max_freqs_ha.json
    conda-env: /Users/Carlos/Desktop/Bedford/esm-selection/Flu_Snakemake_Pipeline/.snakemake/conda/c68281f7da3953da89c92cd799f1e235_
    shell:
        
        mkdir -p max_freqs
        python scripts/extract_max_freq.py --gene ha --local-files True --tree h3n2_Sequences/h3n2_60y_ha.json --root root_tree_translated/h3n2_60y_ha_root-sequence.json 
        mv max_freqs_ha.json max_freqs/max_freqs_ha.json
        
        (command exited with non-zero exit code)
[Tue Apr 15 14:06:03 2025]
Error in rule extract_max_freq:
    message: None
    jobid: 13
    input: h3n2_Sequences/h3n2_60y_ns.json, root_tree_translated/h3n2_60y_ns_root-sequence.json, scripts/extract_max_freq.py
    output: max_freqs/max_freqs_ns.json
    conda-env: /Users/Carlos/Desktop/Bedford/esm-selection/Flu_Snakemake_Pipeline/.snakemake/conda/c68281f7da3953da89c92cd799f1e235_
    shell:
        
        mkdir -p max_freqs
        python scripts/extract_max_freq.py --gene ns --local-files True --tree h3n2_Sequences/h3n2_60y_ns.json --root root_tree_translated/h3n2_60y_ns_root-sequence.json 
        mv max_freqs_ns.json max_freqs/max_freqs_ns.json
        
        (command exited with non-zero exit code)
[Tue Apr 15 14:06:03 2025]
Error in rule extract_max_freq:
    message: None
    jobid: 3
    input: h3n2_Sequences/h3n2_60y_pb1.json, root_tree_translated/h3n2_60y_pb1_root-sequence.json, scripts/extract_max_freq.py
    output: max_freqs/max_freqs_pb1.json
    conda-env: /Users/Carlos/Desktop/Bedford/esm-selection/Flu_Snakemake_Pipeline/.snakemake/conda/c68281f7da3953da89c92cd799f1e235_
    shell:
        
        mkdir -p max_freqs
        python scripts/extract_max_freq.py --gene pb1 --local-files True --tree h3n2_Sequences/h3n2_60y_pb1.json --root root_tree_translated/h3n2_60y_pb1_root-sequence.json 
        mv max_freqs_pb1.json max_freqs/max_freqs_pb1.json
        
        (command exited with non-zero exit code)
[Tue Apr 15 14:06:03 2025]
Error in rule extract_max_freq:
    message: None
    jobid: 11
    input: h3n2_Sequences/h3n2_60y_mp.json, root_tree_translated/h3n2_60y_mp_root-sequence.json, scripts/extract_max_freq.py
    output: max_freqs/max_freqs_mp.json
    conda-env: /Users/Carlos/Desktop/Bedford/esm-selection/Flu_Snakemake_Pipeline/.snakemake/conda/c68281f7da3953da89c92cd799f1e235_
    shell:
        
        mkdir -p max_freqs
        python scripts/extract_max_freq.py --gene mp --local-files True --tree h3n2_Sequences/h3n2_60y_mp.json --root root_tree_translated/h3n2_60y_mp_root-sequence.json 
        mv max_freqs_mp.json max_freqs/max_freqs_mp.json
        
        (command exited with non-zero exit code)
[Tue Apr 15 14:06:03 2025]
Error in rule extract_max_freq:
    message: None
    jobid: 1
    input: h3n2_Sequences/h3n2_60y_pb2.json, root_tree_translated/h3n2_60y_pb2_root-sequence.json, scripts/extract_max_freq.py
    output: max_freqs/max_freqs_pb2.json
    conda-env: /Users/Carlos/Desktop/Bedford/esm-selection/Flu_Snakemake_Pipeline/.snakemake/conda/c68281f7da3953da89c92cd799f1e235_
    shell:
        
        mkdir -p max_freqs
        python scripts/extract_max_freq.py --gene pb2 --local-files True --tree h3n2_Sequences/h3n2_60y_pb2.json --root root_tree_translated/h3n2_60y_pb2_root-sequence.json 
        mv max_freqs_pb2.json max_freqs/max_freqs_pb2.json
        
        (command exited with non-zero exit code)
[Tue Apr 15 14:06:03 2025]
Error in rule extract_max_freq:
    message: None
    jobid: 9
    input: h3n2_Sequences/h3n2_60y_na.json, root_tree_translated/h3n2_60y_na_root-sequence.json, scripts/extract_max_freq.py
    output: max_freqs/max_freqs_na.json
    conda-env: /Users/Carlos/Desktop/Bedford/esm-selection/Flu_Snakemake_Pipeline/.snakemake/conda/c68281f7da3953da89c92cd799f1e235_
    shell:
        
        mkdir -p max_freqs
        python scripts/extract_max_freq.py --gene na --local-files True --tree h3n2_Sequences/h3n2_60y_na.json --root root_tree_translated/h3n2_60y_na_root-sequence.json 
        mv max_freqs_na.json max_freqs/max_freqs_na.json
        
        (command exited with non-zero exit code)
Complete log(s): /Users/Carlos/Desktop/Bedford/esm-selection/Flu_Snakemake_Pipeline/.snakemake/log/2025-04-15T140600.346842.snakemake.log
WorkflowError:
At least one job did not complete successfully.
