Building DAG of jobs...
Using shell: /usr/bin/bash
Provided cores: 1 (use --cores to define parallelism)
Rules claiming more threads will be scaled down.
Conda environments: ignored
Job stats:
job            count
-----------  -------
all                1
calc_ll_esm        8
total              9

Select jobs to execute...
Execute 1 jobs...

[Tue Apr 15 16:23:34 2025]
localrule calc_ll_esm:
    input: max_freqs/Max_Freq_Fasta_np.csv, scripts/calc_ll_esm.py
    output: max_freqs_log_likelyhood/Max_Freq_Fasta_LL_np.csv
    jobid: 13
    reason: Missing output files: max_freqs_log_likelyhood/Max_Freq_Fasta_LL_np.csv
    wildcards: segment=np
    resources: tmpdir=/tmp

[Tue Apr 15 16:23:36 2025]
Error in rule calc_ll_esm:
    jobid: 13
    input: max_freqs/Max_Freq_Fasta_np.csv, scripts/calc_ll_esm.py
    output: max_freqs_log_likelyhood/Max_Freq_Fasta_LL_np.csv
    shell:
        
        mkdir -p max_freqs_log_likelyhood
        python scripts/calc_ll_esm.py --max_freq --segment np
        mv Max_Freq_Fasta_LL_np.csv max_freqs_log_likelyhood/Max_Freq_Fasta_LL_np.csv
        
        (one of the commands exited with non-zero exit code; note that snakemake uses bash strict mode!)

Shutting down, this might take some time.
Exiting because a job execution failed. Look above for error message
Complete log: .snakemake/log/2025-04-15T162333.621950.snakemake.log
WorkflowError:
At least one job did not complete successfully.
