Assuming unrestricted shared filesystem usage.
None
host: Nicolass-MacBook-Pro-2.local
Building DAG of jobs...
Using shell: /bin/bash
Provided cores: 8
Rules claiming more threads will be scaled down.
Job stats:
job                 count
----------------  -------
all                     1
extract_max_freq        8
total                   9

Select jobs to execute...
Execute 8 jobs...
[Tue Apr 15 14:30:42 2025]
localrule extract_max_freq:
    input: h3n2_Sequences/h3n2_60y_na.json, node_fastas/nodeSeqs_na.fasta, h3n2_Sequences/h3n2_60y_na_tip-frequencies.json, scripts/extract_max_freq.py
    output: max_freqs/Max_Freq_Fasta_na.csv
    jobid: 13
    reason: Missing output files: max_freqs/Max_Freq_Fasta_na.csv
    wildcards: segment=na
    resources: tmpdir=/var/folders/d9/c2g9f9wx3sz_p7hzxj26b9w00000gp/T

Activating conda environment: .snakemake/conda/c68281f7da3953da89c92cd799f1e235_
[Tue Apr 15 14:30:42 2025]
localrule extract_max_freq:
    input: h3n2_Sequences/h3n2_60y_pb1.json, node_fastas/nodeSeqs_pb1.fasta, h3n2_Sequences/h3n2_60y_pb1_tip-frequencies.json, scripts/extract_max_freq.py
    output: max_freqs/Max_Freq_Fasta_pb1.csv
    jobid: 4
    reason: Missing output files: max_freqs/Max_Freq_Fasta_pb1.csv
    wildcards: segment=pb1
    resources: tmpdir=/var/folders/d9/c2g9f9wx3sz_p7hzxj26b9w00000gp/T

Activating conda environment: .snakemake/conda/c68281f7da3953da89c92cd799f1e235_
[Tue Apr 15 14:30:42 2025]
localrule extract_max_freq:
    input: h3n2_Sequences/h3n2_60y_ha.json, node_fastas/nodeSeqs_ha.fasta, h3n2_Sequences/h3n2_60y_ha_tip-frequencies.json, scripts/extract_max_freq.py
    output: max_freqs/Max_Freq_Fasta_ha.csv
    jobid: 22
    reason: Missing output files: max_freqs/Max_Freq_Fasta_ha.csv
    wildcards: segment=ha
    resources: tmpdir=/var/folders/d9/c2g9f9wx3sz_p7hzxj26b9w00000gp/T

Activating conda environment: .snakemake/conda/c68281f7da3953da89c92cd799f1e235_
[Tue Apr 15 14:30:42 2025]
localrule extract_max_freq:
    input: h3n2_Sequences/h3n2_60y_pb2.json, node_fastas/nodeSeqs_pb2.fasta, h3n2_Sequences/h3n2_60y_pb2_tip-frequencies.json, scripts/extract_max_freq.py
    output: max_freqs/Max_Freq_Fasta_pb2.csv
    jobid: 1
    reason: Missing output files: max_freqs/Max_Freq_Fasta_pb2.csv
    wildcards: segment=pb2
    resources: tmpdir=/var/folders/d9/c2g9f9wx3sz_p7hzxj26b9w00000gp/T

Activating conda environment: .snakemake/conda/c68281f7da3953da89c92cd799f1e235_
[Tue Apr 15 14:30:42 2025]
localrule extract_max_freq:
    input: h3n2_Sequences/h3n2_60y_mp.json, node_fastas/nodeSeqs_mp.fasta, h3n2_Sequences/h3n2_60y_mp_tip-frequencies.json, scripts/extract_max_freq.py
    output: max_freqs/Max_Freq_Fasta_mp.csv
    jobid: 16
    reason: Missing output files: max_freqs/Max_Freq_Fasta_mp.csv
    wildcards: segment=mp
    resources: tmpdir=/var/folders/d9/c2g9f9wx3sz_p7hzxj26b9w00000gp/T

Activating conda environment: .snakemake/conda/c68281f7da3953da89c92cd799f1e235_
[Tue Apr 15 14:30:42 2025]
localrule extract_max_freq:
    input: h3n2_Sequences/h3n2_60y_pa.json, node_fastas/nodeSeqs_pa.fasta, h3n2_Sequences/h3n2_60y_pa_tip-frequencies.json, scripts/extract_max_freq.py
    output: max_freqs/Max_Freq_Fasta_pa.csv
    jobid: 7
    reason: Missing output files: max_freqs/Max_Freq_Fasta_pa.csv
    wildcards: segment=pa
    resources: tmpdir=/var/folders/d9/c2g9f9wx3sz_p7hzxj26b9w00000gp/T

Activating conda environment: .snakemake/conda/c68281f7da3953da89c92cd799f1e235_
[Tue Apr 15 14:30:42 2025]
localrule extract_max_freq:
    input: h3n2_Sequences/h3n2_60y_np.json, node_fastas/nodeSeqs_np.fasta, h3n2_Sequences/h3n2_60y_np_tip-frequencies.json, scripts/extract_max_freq.py
    output: max_freqs/Max_Freq_Fasta_np.csv
    jobid: 10
    reason: Missing output files: max_freqs/Max_Freq_Fasta_np.csv
    wildcards: segment=np
    resources: tmpdir=/var/folders/d9/c2g9f9wx3sz_p7hzxj26b9w00000gp/T

Activating conda environment: .snakemake/conda/c68281f7da3953da89c92cd799f1e235_
[Tue Apr 15 14:30:42 2025]
localrule extract_max_freq:
    input: h3n2_Sequences/h3n2_60y_ns.json, node_fastas/nodeSeqs_ns.fasta, h3n2_Sequences/h3n2_60y_ns_tip-frequencies.json, scripts/extract_max_freq.py
    output: max_freqs/Max_Freq_Fasta_ns.csv
    jobid: 19
    reason: Missing output files: max_freqs/Max_Freq_Fasta_ns.csv
    wildcards: segment=ns
    resources: tmpdir=/var/folders/d9/c2g9f9wx3sz_p7hzxj26b9w00000gp/T

Activating conda environment: .snakemake/conda/c68281f7da3953da89c92cd799f1e235_
Waiting for more resources.
[Tue Apr 15 14:30:46 2025]
Finished jobid: 19 (Rule: extract_max_freq)
1 of 9 steps (11%) done
[Tue Apr 15 14:30:46 2025]
Finished jobid: 10 (Rule: extract_max_freq)
2 of 9 steps (22%) done
[Tue Apr 15 14:30:46 2025]
Finished jobid: 16 (Rule: extract_max_freq)
3 of 9 steps (33%) done
[Tue Apr 15 14:30:47 2025]
Finished jobid: 7 (Rule: extract_max_freq)
4 of 9 steps (44%) done
[Tue Apr 15 14:30:47 2025]
Finished jobid: 22 (Rule: extract_max_freq)
5 of 9 steps (56%) done
[Tue Apr 15 14:30:47 2025]
Finished jobid: 13 (Rule: extract_max_freq)
6 of 9 steps (67%) done
[Tue Apr 15 14:30:47 2025]
Finished jobid: 4 (Rule: extract_max_freq)
7 of 9 steps (78%) done
[Tue Apr 15 14:30:47 2025]
Finished jobid: 1 (Rule: extract_max_freq)
8 of 9 steps (89%) done
Select jobs to execute...
Execute 1 jobs...
[Tue Apr 15 14:30:47 2025]
localrule all:
    input: max_freqs/Max_Freq_Fasta_pb2.csv, max_freqs/Max_Freq_Fasta_pb1.csv, max_freqs/Max_Freq_Fasta_pa.csv, max_freqs/Max_Freq_Fasta_np.csv, max_freqs/Max_Freq_Fasta_na.csv, max_freqs/Max_Freq_Fasta_mp.csv, max_freqs/Max_Freq_Fasta_ns.csv, max_freqs/Max_Freq_Fasta_ha.csv
    jobid: 0
    reason: Input files updated by another job: max_freqs/Max_Freq_Fasta_pb1.csv, max_freqs/Max_Freq_Fasta_pb2.csv, max_freqs/Max_Freq_Fasta_na.csv, max_freqs/Max_Freq_Fasta_ns.csv, max_freqs/Max_Freq_Fasta_mp.csv, max_freqs/Max_Freq_Fasta_ha.csv, max_freqs/Max_Freq_Fasta_np.csv, max_freqs/Max_Freq_Fasta_pa.csv
    resources: tmpdir=/var/folders/d9/c2g9f9wx3sz_p7hzxj26b9w00000gp/T

Waiting for more resources.
[Tue Apr 15 14:30:47 2025]
Finished jobid: 0 (Rule: all)
9 of 9 steps (100%) done
Complete log(s): /Users/Carlos/Desktop/Bedford/esm-selection/Flu_Snakemake_Pipeline/.snakemake/log/2025-04-15T143041.058819.snakemake.log
