Building DAG of jobs...
Using shell: /usr/bin/bash
Provided cores: 4
Rules claiming more threads will be scaled down.
Conda environments: ignored
Job stats:
job                          count
-------------------------  -------
all                              1
extract_max_freq                 8
extract_node_fastas              8
translate_nucleotide_json        8
total                           25

Select jobs to execute...
Execute 4 jobs...

[Tue Apr 15 16:15:29 2025]
localrule translate_nucleotide_json:
    input: h3n2_Sequences/h3n2_60y_mp.json, h3n2_Sequences/h3n2_60y_mp_root-sequence.json, scripts/translate_nucleotide_to_protein.py
    output: root_tree_translated/h3n2_60y_mp_root-sequence.json
    jobid: 18
    reason: Missing output files: root_tree_translated/h3n2_60y_mp_root-sequence.json
    wildcards: segment=mp
    resources: tmpdir=/tmp

Activating singularity image envs/nextstrain-base.sif

[Tue Apr 15 16:15:29 2025]
localrule translate_nucleotide_json:
    input: h3n2_Sequences/h3n2_60y_pa.json, h3n2_Sequences/h3n2_60y_pa_root-sequence.json, scripts/translate_nucleotide_to_protein.py
    output: root_tree_translated/h3n2_60y_pa_root-sequence.json
    jobid: 9
    reason: Missing output files: root_tree_translated/h3n2_60y_pa_root-sequence.json
    wildcards: segment=pa
    resources: tmpdir=/tmp

Activating singularity image envs/nextstrain-base.sif

[Tue Apr 15 16:15:29 2025]
localrule translate_nucleotide_json:
    input: h3n2_Sequences/h3n2_60y_na.json, h3n2_Sequences/h3n2_60y_na_root-sequence.json, scripts/translate_nucleotide_to_protein.py
    output: root_tree_translated/h3n2_60y_na_root-sequence.json
    jobid: 15
    reason: Missing output files: root_tree_translated/h3n2_60y_na_root-sequence.json
    wildcards: segment=na
    resources: tmpdir=/tmp

Activating singularity image envs/nextstrain-base.sif

[Tue Apr 15 16:15:29 2025]
localrule translate_nucleotide_json:
    input: h3n2_Sequences/h3n2_60y_np.json, h3n2_Sequences/h3n2_60y_np_root-sequence.json, scripts/translate_nucleotide_to_protein.py
    output: root_tree_translated/h3n2_60y_np_root-sequence.json
    jobid: 12
    reason: Missing output files: root_tree_translated/h3n2_60y_np_root-sequence.json
    wildcards: segment=np
    resources: tmpdir=/tmp

Activating singularity image envs/nextstrain-base.sif
[Tue Apr 15 16:15:31 2025]
Finished job 18.
1 of 25 steps (4%) done
Select jobs to execute...
Execute 1 jobs...

[Tue Apr 15 16:15:31 2025]
localrule translate_nucleotide_json:
    input: h3n2_Sequences/h3n2_60y_ns.json, h3n2_Sequences/h3n2_60y_ns_root-sequence.json, scripts/translate_nucleotide_to_protein.py
    output: root_tree_translated/h3n2_60y_ns_root-sequence.json
    jobid: 21
    reason: Missing output files: root_tree_translated/h3n2_60y_ns_root-sequence.json
    wildcards: segment=ns
    resources: tmpdir=/tmp

Activating singularity image envs/nextstrain-base.sif
[Tue Apr 15 16:15:31 2025]
Finished job 12.
2 of 25 steps (8%) done
[Tue Apr 15 16:15:31 2025]
Finished job 9.
3 of 25 steps (12%) done
[Tue Apr 15 16:15:31 2025]
Finished job 15.
4 of 25 steps (16%) done
Select jobs to execute...
Execute 3 jobs...

[Tue Apr 15 16:15:31 2025]
localrule extract_node_fastas:
    input: h3n2_Sequences/h3n2_60y_mp.json, root_tree_translated/h3n2_60y_mp_root-sequence.json, scripts/extract_fasta_nodes.py
    output: node_fastas/nodeSeqs_mp.fasta
    jobid: 17
    reason: Missing output files: node_fastas/nodeSeqs_mp.fasta; Input files updated by another job: root_tree_translated/h3n2_60y_mp_root-sequence.json
    wildcards: segment=mp
    resources: tmpdir=/tmp

Activating singularity image envs/nextstrain-base.sif

[Tue Apr 15 16:15:31 2025]
localrule translate_nucleotide_json:
    input: h3n2_Sequences/h3n2_60y_pb1.json, h3n2_Sequences/h3n2_60y_pb1_root-sequence.json, scripts/translate_nucleotide_to_protein.py
    output: root_tree_translated/h3n2_60y_pb1_root-sequence.json
    jobid: 6
    reason: Missing output files: root_tree_translated/h3n2_60y_pb1_root-sequence.json
    wildcards: segment=pb1
    resources: tmpdir=/tmp

Activating singularity image envs/nextstrain-base.sif

[Tue Apr 15 16:15:31 2025]
localrule extract_node_fastas:
    input: h3n2_Sequences/h3n2_60y_na.json, root_tree_translated/h3n2_60y_na_root-sequence.json, scripts/extract_fasta_nodes.py
    output: node_fastas/nodeSeqs_na.fasta
    jobid: 14
    reason: Missing output files: node_fastas/nodeSeqs_na.fasta; Input files updated by another job: root_tree_translated/h3n2_60y_na_root-sequence.json
    wildcards: segment=na
    resources: tmpdir=/tmp

Activating singularity image envs/nextstrain-base.sif
Select jobs to execute...
Execute 0 jobs...
Execute 0 jobs...
[Tue Apr 15 16:15:32 2025]
Finished job 21.
5 of 25 steps (20%) done
Execute 1 jobs...

[Tue Apr 15 16:15:32 2025]
localrule translate_nucleotide_json:
    input: h3n2_Sequences/h3n2_60y_ha.json, h3n2_Sequences/h3n2_60y_ha_root-sequence.json, scripts/translate_nucleotide_to_protein.py
    output: root_tree_translated/h3n2_60y_ha_root-sequence.json
    jobid: 24
    reason: Missing output files: root_tree_translated/h3n2_60y_ha_root-sequence.json
    wildcards: segment=ha
    resources: tmpdir=/tmp

Activating singularity image envs/nextstrain-base.sif
[Tue Apr 15 16:15:32 2025]
Finished job 6.
6 of 25 steps (24%) done
Select jobs to execute...
Execute 1 jobs...

[Tue Apr 15 16:15:32 2025]
localrule extract_node_fastas:
    input: h3n2_Sequences/h3n2_60y_pb1.json, root_tree_translated/h3n2_60y_pb1_root-sequence.json, scripts/extract_fasta_nodes.py
    output: node_fastas/nodeSeqs_pb1.fasta
    jobid: 5
    reason: Missing output files: node_fastas/nodeSeqs_pb1.fasta; Input files updated by another job: root_tree_translated/h3n2_60y_pb1_root-sequence.json; Code has changed since last execution
    wildcards: segment=pb1
    resources: tmpdir=/tmp

Activating singularity image envs/nextstrain-base.sif
[Tue Apr 15 16:15:34 2025]
Finished job 24.
7 of 25 steps (28%) done
Select jobs to execute...
Execute 1 jobs...

[Tue Apr 15 16:15:34 2025]
localrule translate_nucleotide_json:
    input: h3n2_Sequences/h3n2_60y_pb2.json, h3n2_Sequences/h3n2_60y_pb2_root-sequence.json, scripts/translate_nucleotide_to_protein.py
    output: root_tree_translated/h3n2_60y_pb2_root-sequence.json
    jobid: 3
    reason: Missing output files: root_tree_translated/h3n2_60y_pb2_root-sequence.json
    wildcards: segment=pb2
    resources: tmpdir=/tmp

Activating singularity image envs/nextstrain-base.sif
[Tue Apr 15 16:15:35 2025]
Finished job 17.
8 of 25 steps (32%) done
Select jobs to execute...
Execute 1 jobs...

[Tue Apr 15 16:15:35 2025]
localrule extract_node_fastas:
    input: h3n2_Sequences/h3n2_60y_pa.json, root_tree_translated/h3n2_60y_pa_root-sequence.json, scripts/extract_fasta_nodes.py
    output: node_fastas/nodeSeqs_pa.fasta
    jobid: 8
    reason: Missing output files: node_fastas/nodeSeqs_pa.fasta; Input files updated by another job: root_tree_translated/h3n2_60y_pa_root-sequence.json; Code has changed since last execution
    wildcards: segment=pa
    resources: tmpdir=/tmp

Activating singularity image envs/nextstrain-base.sif
[Tue Apr 15 16:15:35 2025]
Finished job 14.
9 of 25 steps (36%) done
Select jobs to execute...
Execute 1 jobs...

[Tue Apr 15 16:15:35 2025]
localrule extract_node_fastas:
    input: h3n2_Sequences/h3n2_60y_np.json, root_tree_translated/h3n2_60y_np_root-sequence.json, scripts/extract_fasta_nodes.py
    output: node_fastas/nodeSeqs_np.fasta
    jobid: 11
    reason: Missing output files: node_fastas/nodeSeqs_np.fasta; Input files updated by another job: root_tree_translated/h3n2_60y_np_root-sequence.json
    wildcards: segment=np
    resources: tmpdir=/tmp

Activating singularity image envs/nextstrain-base.sif
[Tue Apr 15 16:15:35 2025]
Finished job 3.
10 of 25 steps (40%) done
Select jobs to execute...
Execute 1 jobs...

[Tue Apr 15 16:15:35 2025]
localrule extract_node_fastas:
    input: h3n2_Sequences/h3n2_60y_pb2.json, root_tree_translated/h3n2_60y_pb2_root-sequence.json, scripts/extract_fasta_nodes.py
    output: node_fastas/nodeSeqs_pb2.fasta
    jobid: 2
    reason: Missing output files: node_fastas/nodeSeqs_pb2.fasta; Input files updated by another job: root_tree_translated/h3n2_60y_pb2_root-sequence.json; Code has changed since last execution
    wildcards: segment=pb2
    resources: tmpdir=/tmp

Activating singularity image envs/nextstrain-base.sif
[Tue Apr 15 16:15:36 2025]
Finished job 5.
11 of 25 steps (44%) done
Select jobs to execute...
Execute 1 jobs...

[Tue Apr 15 16:15:36 2025]
localrule extract_max_freq:
    input: h3n2_Sequences/h3n2_60y_pb1.json, node_fastas/nodeSeqs_pb1.fasta, h3n2_Sequences/h3n2_60y_pb1_tip-frequencies.json, scripts/extract_max_freq.py
    output: max_freqs/Max_Freq_Fasta_pb1.csv
    jobid: 4
    reason: Missing output files: max_freqs/Max_Freq_Fasta_pb1.csv; Input files updated by another job: node_fastas/nodeSeqs_pb1.fasta
    wildcards: segment=pb1
    resources: tmpdir=/tmp

Activating singularity image envs/nextstrain-base.sif
[Tue Apr 15 16:15:39 2025]
Finished job 8.
12 of 25 steps (48%) done
Select jobs to execute...
Execute 1 jobs...

[Tue Apr 15 16:15:39 2025]
localrule extract_node_fastas:
    input: h3n2_Sequences/h3n2_60y_ns.json, root_tree_translated/h3n2_60y_ns_root-sequence.json, scripts/extract_fasta_nodes.py
    output: node_fastas/nodeSeqs_ns.fasta
    jobid: 20
    reason: Missing output files: node_fastas/nodeSeqs_ns.fasta; Input files updated by another job: root_tree_translated/h3n2_60y_ns_root-sequence.json
    wildcards: segment=ns
    resources: tmpdir=/tmp

Activating singularity image envs/nextstrain-base.sif
[Tue Apr 15 16:15:39 2025]
Finished job 11.
13 of 25 steps (52%) done
Select jobs to execute...
Execute 1 jobs...

[Tue Apr 15 16:15:39 2025]
localrule extract_max_freq:
    input: h3n2_Sequences/h3n2_60y_pa.json, node_fastas/nodeSeqs_pa.fasta, h3n2_Sequences/h3n2_60y_pa_tip-frequencies.json, scripts/extract_max_freq.py
    output: max_freqs/Max_Freq_Fasta_pa.csv
    jobid: 7
    reason: Missing output files: max_freqs/Max_Freq_Fasta_pa.csv; Input files updated by another job: node_fastas/nodeSeqs_pa.fasta
    wildcards: segment=pa
    resources: tmpdir=/tmp

Activating singularity image envs/nextstrain-base.sif
[Tue Apr 15 16:15:39 2025]
Finished job 2.
14 of 25 steps (56%) done
Select jobs to execute...
Execute 1 jobs...

[Tue Apr 15 16:15:39 2025]
localrule extract_max_freq:
    input: h3n2_Sequences/h3n2_60y_pb2.json, node_fastas/nodeSeqs_pb2.fasta, h3n2_Sequences/h3n2_60y_pb2_tip-frequencies.json, scripts/extract_max_freq.py
    output: max_freqs/Max_Freq_Fasta_pb2.csv
    jobid: 1
    reason: Missing output files: max_freqs/Max_Freq_Fasta_pb2.csv; Input files updated by another job: node_fastas/nodeSeqs_pb2.fasta
    wildcards: segment=pb2
    resources: tmpdir=/tmp

Activating singularity image envs/nextstrain-base.sif
[Tue Apr 15 16:15:41 2025]
Finished job 4.
15 of 25 steps (60%) done
Select jobs to execute...
Execute 1 jobs...

[Tue Apr 15 16:15:41 2025]
localrule extract_max_freq:
    input: h3n2_Sequences/h3n2_60y_np.json, node_fastas/nodeSeqs_np.fasta, h3n2_Sequences/h3n2_60y_np_tip-frequencies.json, scripts/extract_max_freq.py
    output: max_freqs/Max_Freq_Fasta_np.csv
    jobid: 10
    reason: Missing output files: max_freqs/Max_Freq_Fasta_np.csv; Input files updated by another job: node_fastas/nodeSeqs_np.fasta; Code has changed since last execution
    wildcards: segment=np
    resources: tmpdir=/tmp

Activating singularity image envs/nextstrain-base.sif
[Tue Apr 15 16:15:42 2025]
Finished job 20.
16 of 25 steps (64%) done
Select jobs to execute...
Execute 1 jobs...

[Tue Apr 15 16:15:42 2025]
localrule extract_max_freq:
    input: h3n2_Sequences/h3n2_60y_na.json, node_fastas/nodeSeqs_na.fasta, h3n2_Sequences/h3n2_60y_na_tip-frequencies.json, scripts/extract_max_freq.py
    output: max_freqs/Max_Freq_Fasta_na.csv
    jobid: 13
    reason: Missing output files: max_freqs/Max_Freq_Fasta_na.csv; Input files updated by another job: node_fastas/nodeSeqs_na.fasta; Code has changed since last execution
    wildcards: segment=na
    resources: tmpdir=/tmp

Activating singularity image envs/nextstrain-base.sif
[Tue Apr 15 16:15:44 2025]
Finished job 7.
17 of 25 steps (68%) done
Select jobs to execute...
Execute 1 jobs...

[Tue Apr 15 16:15:44 2025]
localrule extract_node_fastas:
    input: h3n2_Sequences/h3n2_60y_ha.json, root_tree_translated/h3n2_60y_ha_root-sequence.json, scripts/extract_fasta_nodes.py
    output: node_fastas/nodeSeqs_ha.fasta
    jobid: 23
    reason: Missing output files: node_fastas/nodeSeqs_ha.fasta; Input files updated by another job: root_tree_translated/h3n2_60y_ha_root-sequence.json; Code has changed since last execution
    wildcards: segment=ha
    resources: tmpdir=/tmp

Activating singularity image envs/nextstrain-base.sif
[Tue Apr 15 16:15:44 2025]
Finished job 1.
18 of 25 steps (72%) done
Select jobs to execute...
Execute 1 jobs...

[Tue Apr 15 16:15:44 2025]
localrule extract_max_freq:
    input: h3n2_Sequences/h3n2_60y_mp.json, node_fastas/nodeSeqs_mp.fasta, h3n2_Sequences/h3n2_60y_mp_tip-frequencies.json, scripts/extract_max_freq.py
    output: max_freqs/Max_Freq_Fasta_mp.csv
    jobid: 16
    reason: Missing output files: max_freqs/Max_Freq_Fasta_mp.csv; Input files updated by another job: node_fastas/nodeSeqs_mp.fasta; Code has changed since last execution
    wildcards: segment=mp
    resources: tmpdir=/tmp

Activating singularity image envs/nextstrain-base.sif
[Tue Apr 15 16:15:46 2025]
Finished job 10.
19 of 25 steps (76%) done
Select jobs to execute...
Execute 1 jobs...

[Tue Apr 15 16:15:46 2025]
localrule extract_max_freq:
    input: h3n2_Sequences/h3n2_60y_ns.json, node_fastas/nodeSeqs_ns.fasta, h3n2_Sequences/h3n2_60y_ns_tip-frequencies.json, scripts/extract_max_freq.py
    output: max_freqs/Max_Freq_Fasta_ns.csv
    jobid: 19
    reason: Missing output files: max_freqs/Max_Freq_Fasta_ns.csv; Input files updated by another job: node_fastas/nodeSeqs_ns.fasta; Code has changed since last execution
    wildcards: segment=ns
    resources: tmpdir=/tmp

Activating singularity image envs/nextstrain-base.sif
[Tue Apr 15 16:15:47 2025]
Finished job 13.
20 of 25 steps (80%) done
[Tue Apr 15 16:15:48 2025]
Finished job 16.
21 of 25 steps (84%) done
[Tue Apr 15 16:15:49 2025]
Finished job 23.
22 of 25 steps (88%) done
Select jobs to execute...
Execute 1 jobs...

[Tue Apr 15 16:15:49 2025]
localrule extract_max_freq:
    input: h3n2_Sequences/h3n2_60y_ha.json, node_fastas/nodeSeqs_ha.fasta, h3n2_Sequences/h3n2_60y_ha_tip-frequencies.json, scripts/extract_max_freq.py
    output: max_freqs/Max_Freq_Fasta_ha.csv
    jobid: 22
    reason: Missing output files: max_freqs/Max_Freq_Fasta_ha.csv; Input files updated by another job: node_fastas/nodeSeqs_ha.fasta
    wildcards: segment=ha
    resources: tmpdir=/tmp

Activating singularity image envs/nextstrain-base.sif
[Tue Apr 15 16:15:50 2025]
Finished job 19.
23 of 25 steps (92%) done
[Tue Apr 15 16:15:54 2025]
Finished job 22.
24 of 25 steps (96%) done
Select jobs to execute...
Execute 1 jobs...

[Tue Apr 15 16:15:54 2025]
localrule all:
    input: max_freqs/Max_Freq_Fasta_pb2.csv, max_freqs/Max_Freq_Fasta_pb1.csv, max_freqs/Max_Freq_Fasta_pa.csv, max_freqs/Max_Freq_Fasta_np.csv, max_freqs/Max_Freq_Fasta_na.csv, max_freqs/Max_Freq_Fasta_mp.csv, max_freqs/Max_Freq_Fasta_ns.csv, max_freqs/Max_Freq_Fasta_ha.csv
    jobid: 0
    reason: Input files updated by another job: max_freqs/Max_Freq_Fasta_np.csv, max_freqs/Max_Freq_Fasta_pb1.csv, max_freqs/Max_Freq_Fasta_na.csv, max_freqs/Max_Freq_Fasta_pb2.csv, max_freqs/Max_Freq_Fasta_ns.csv, max_freqs/Max_Freq_Fasta_mp.csv, max_freqs/Max_Freq_Fasta_ha.csv, max_freqs/Max_Freq_Fasta_pa.csv
    resources: tmpdir=/tmp

[Tue Apr 15 16:15:54 2025]
Finished job 0.
25 of 25 steps (100%) done
Complete log: .snakemake/log/2025-04-15T161529.432793.snakemake.log
