Assuming unrestricted shared filesystem usage.
None
host: Nicolass-MacBook-Pro-2.local
Building DAG of jobs...
Your conda installation is not configured to use strict channel priorities. This is however important for having robust and correct environments (for details, see https://conda-forge.org/docs/user/tipsandtricks.html). Please consider to configure strict priorities by executing 'conda config --set channel_priority strict'.
Creating conda environment envs/nextstrain_env.yaml...
Downloading and installing remote packages.
Cleaning up conda package tarballs.
Environment for /Users/Carlos/Desktop/Bedford/esm-selection/envs/nextstrain_env.yaml created (location: .snakemake/conda/a346902d4ce1c004fa4946f9ad3317cf_)
Using shell: /bin/bash
Provided cores: 8
Rules claiming more threads will be scaled down.
Job stats:
job                         count
------------------------  -------
download_nextstrain_data        1
total                           1

Select jobs to execute...
Execute 1 jobs...
[Mon Apr 14 15:03:46 2025]
localrule download_nextstrain_data:
    output: nextstrain_trees/flu_seasonal_h3n2_pb2_60y.json, nextstrain_trees/flu_seasonal_h3n2_pb2_60y_tip-frequencies.json, nextstrain_trees/flu_seasonal_h3n2_pb2_60y_root-sequence.json
    jobid: 0
    reason: Software environment definition has changed since last execution
    resources: tmpdir=/var/folders/d9/c2g9f9wx3sz_p7hzxj26b9w00000gp/T

Activating conda environment: .snakemake/conda/a346902d4ce1c004fa4946f9ad3317cf_
Waiting for more resources.
[Mon Apr 14 15:03:48 2025]
Finished jobid: 0 (Rule: download_nextstrain_data)
1 of 1 steps (100%) done
Complete log(s): /Users/Carlos/Desktop/Bedford/esm-selection/.snakemake/log/2025-04-14T150233.200469.snakemake.log
