Assuming unrestricted shared filesystem usage.
None
host: Nicolass-MacBook-Pro-2.local
Building DAG of jobs...
Using shell: /bin/bash
Provided cores: 8
Rules claiming more threads will be scaled down.
Conda environments: ignored
Job stats:
job                         count
------------------------  -------
download_nextstrain_data        1
total                           1

Select jobs to execute...
Execute 1 jobs...
[Mon Apr 14 14:15:20 2025]
localrule download_nextstrain_data:
    output: nextstrain_trees/flu_seasonal_h3n2_pb2_60y.jsonnextstrain_trees/flu_seasonal_h3n2_pb2_60y_tip-frequencies.json
    jobid: 0
    reason: Missing output files: nextstrain_trees/flu_seasonal_h3n2_pb2_60y.jsonnextstrain_trees/flu_seasonal_h3n2_pb2_60y_tip-frequencies.json
    resources: tmpdir=/var/folders/d9/c2g9f9wx3sz_p7hzxj26b9w00000gp/T

Waiting for more resources.
Waiting at most 5 seconds for missing files:
nextstrain_trees/flu_seasonal_h3n2_pb2_60y.jsonnextstrain_trees/flu_seasonal_h3n2_pb2_60y_tip-frequencies.json (missing locally)
MissingOutputException in rule download_nextstrain_data in file "/Users/Carlos/Desktop/Bedford/esm-selection/Snakefile", line 1:
Job 0 completed successfully, but some output files are missing. Missing files after 5 seconds. This might be due to filesystem latency. If that is the case, consider to increase the wait time with --latency-wait:
nextstrain_trees/flu_seasonal_h3n2_pb2_60y.jsonnextstrain_trees/flu_seasonal_h3n2_pb2_60y_tip-frequencies.json (missing locally, parent dir contents: )
Shutting down, this might take some time.
Exiting because a job execution failed. Look below for error messages
[Mon Apr 14 14:15:26 2025]
Error in rule download_nextstrain_data:
    message: None
    jobid: 0
    output: nextstrain_trees/flu_seasonal_h3n2_pb2_60y.jsonnextstrain_trees/flu_seasonal_h3n2_pb2_60y_tip-frequencies.json
    shell:
        
        mkdir -p nextstrain_trees
        cd nextstrain_trees

        nextstrain remote download https://nextstrain.org/groups/blab/flu/seasonal/h3n2/pb2/60y

        
        (command exited with non-zero exit code)
Complete log(s): /Users/Carlos/Desktop/Bedford/esm-selection/.snakemake/log/2025-04-14T141520.233881.snakemake.log
WorkflowError:
At least one job did not complete successfully.
