Assuming unrestricted shared filesystem usage.
None
host: Nicolass-MacBook-Pro-2.local
Building DAG of jobs...
Your conda installation is not configured to use strict channel priorities. This is however important for having robust and correct environments (for details, see https://conda-forge.org/docs/user/tipsandtricks.html). Please consider to configure strict priorities by executing 'conda config --set channel_priority strict'.
Using shell: /bin/bash
Provided cores: 8
Rules claiming more threads will be scaled down.
Job stats:
job                    count
-------------------  -------
all                        1
extract_node_fastas        5
total                      6

Select jobs to execute...
Execute 5 jobs...
[Mon Apr 14 19:54:15 2025]
localrule extract_node_fastas:
    input: nextstrain_trees/flu_seasonal_h3n2_na_60y_root-sequence.json, nextstrain_trees/flu_seasonal_h3n2_na_60y.json, SM_scripts/extract_fasta_nodes.py
    output: nextstrain_trees/nodeSeqs_na.fasta
    jobid: 9
    reason: Missing output files: nextstrain_trees/nodeSeqs_na.fasta; Code has changed since last execution
    wildcards: segment=na
    resources: tmpdir=/var/folders/d9/c2g9f9wx3sz_p7hzxj26b9w00000gp/T

Activating conda environment: .snakemake/conda/a08bd16c1f38b56d7a9f1570b29cae19_
[Mon Apr 14 19:54:15 2025]
localrule extract_node_fastas:
    input: nextstrain_trees/flu_seasonal_h3n2_np_60y_root-sequence.json, nextstrain_trees/flu_seasonal_h3n2_np_60y.json, SM_scripts/extract_fasta_nodes.py
    output: nextstrain_trees/nodeSeqs_np.fasta
    jobid: 7
    reason: Missing output files: nextstrain_trees/nodeSeqs_np.fasta; Code has changed since last execution
    wildcards: segment=np
    resources: tmpdir=/var/folders/d9/c2g9f9wx3sz_p7hzxj26b9w00000gp/T

Activating conda environment: .snakemake/conda/a08bd16c1f38b56d7a9f1570b29cae19_
[Mon Apr 14 19:54:15 2025]
localrule extract_node_fastas:
    input: nextstrain_trees/flu_seasonal_h3n2_pa_60y_root-sequence.json, nextstrain_trees/flu_seasonal_h3n2_pa_60y.json, SM_scripts/extract_fasta_nodes.py
    output: nextstrain_trees/nodeSeqs_pa.fasta
    jobid: 5
    reason: Missing output files: nextstrain_trees/nodeSeqs_pa.fasta; Code has changed since last execution
    wildcards: segment=pa
    resources: tmpdir=/var/folders/d9/c2g9f9wx3sz_p7hzxj26b9w00000gp/T

Activating conda environment: .snakemake/conda/a08bd16c1f38b56d7a9f1570b29cae19_
[Mon Apr 14 19:54:15 2025]
localrule extract_node_fastas:
    input: nextstrain_trees/flu_seasonal_h3n2_pb1_60y_root-sequence.json, nextstrain_trees/flu_seasonal_h3n2_pb1_60y.json, SM_scripts/extract_fasta_nodes.py
    output: nextstrain_trees/nodeSeqs_pb1.fasta
    jobid: 3
    reason: Missing output files: nextstrain_trees/nodeSeqs_pb1.fasta; Code has changed since last execution
    wildcards: segment=pb1
    resources: tmpdir=/var/folders/d9/c2g9f9wx3sz_p7hzxj26b9w00000gp/T

Activating conda environment: .snakemake/conda/a08bd16c1f38b56d7a9f1570b29cae19_
[Mon Apr 14 19:54:15 2025]
localrule extract_node_fastas:
    input: nextstrain_trees/flu_seasonal_h3n2_pb2_60y_root-sequence.json, nextstrain_trees/flu_seasonal_h3n2_pb2_60y.json, SM_scripts/extract_fasta_nodes.py
    output: nextstrain_trees/nodeSeqs_pb2.fasta
    jobid: 1
    reason: Missing output files: nextstrain_trees/nodeSeqs_pb2.fasta; Code has changed since last execution
    wildcards: segment=pb2
    resources: tmpdir=/var/folders/d9/c2g9f9wx3sz_p7hzxj26b9w00000gp/T

Activating conda environment: .snakemake/conda/a08bd16c1f38b56d7a9f1570b29cae19_
Waiting for more resources.
[Mon Apr 14 19:54:17 2025]
Finished jobid: 3 (Rule: extract_node_fastas)
1 of 6 steps (17%) done
[Mon Apr 14 19:54:17 2025]
Finished jobid: 7 (Rule: extract_node_fastas)
2 of 6 steps (33%) done
[Mon Apr 14 19:54:17 2025]
Finished jobid: 5 (Rule: extract_node_fastas)
3 of 6 steps (50%) done
[Mon Apr 14 19:54:17 2025]
Finished jobid: 1 (Rule: extract_node_fastas)
4 of 6 steps (67%) done
[Mon Apr 14 19:54:18 2025]
Finished jobid: 9 (Rule: extract_node_fastas)
5 of 6 steps (83%) done
Select jobs to execute...
Execute 1 jobs...
[Mon Apr 14 19:54:18 2025]
localrule all:
    input: nextstrain_trees/nodeSeqs_pb2.fasta, nextstrain_trees/nodeSeqs_pb1.fasta, nextstrain_trees/nodeSeqs_pa.fasta, nextstrain_trees/nodeSeqs_np.fasta, nextstrain_trees/nodeSeqs_na.fasta
    jobid: 0
    reason: Input files updated by another job: nextstrain_trees/nodeSeqs_na.fasta, nextstrain_trees/nodeSeqs_pa.fasta, nextstrain_trees/nodeSeqs_np.fasta, nextstrain_trees/nodeSeqs_pb1.fasta, nextstrain_trees/nodeSeqs_pb2.fasta
    resources: tmpdir=/var/folders/d9/c2g9f9wx3sz_p7hzxj26b9w00000gp/T

Waiting for more resources.
[Mon Apr 14 19:54:18 2025]
Finished jobid: 0 (Rule: all)
6 of 6 steps (100%) done
Complete log(s): /Users/Carlos/Desktop/Bedford/esm-selection/.snakemake/log/2025-04-14T195414.026536.snakemake.log
