Assuming unrestricted shared filesystem usage.
None
host: Nicolass-MacBook-Pro-2.local
Building DAG of jobs...
Using shell: /bin/bash
Provided cores: 8
Rules claiming more threads will be scaled down.
Conda environments: ignored
Job stats:
job                         count
------------------------  -------
download_nextstrain_data        1
total                           1

Select jobs to execute...
Execute 1 jobs...
[Mon Apr 14 12:26:30 2025]
localrule download_nextstrain_data:
    output: flu_seasonal_h3n2_pb2_60y.json
    jobid: 0
    reason: Missing output files: flu_seasonal_h3n2_pb2_60y.json
    resources: tmpdir=/var/folders/d9/c2g9f9wx3sz_p7hzxj26b9w00000gp/T

Waiting for more resources.
RuleException:
CalledProcessError in file "/Users/Carlos/Desktop/Bedford/esm-selection/Snakefile", line 7:
Command 'set -euo pipefail;  
        mkdir -p nextstrain_trees
        nextstrain remote download https://nextstrain.org/groups/blab/flu/seasonal/h3n2/pb2/60y

        mv *.json /nextstrain_trees/*.json' returned non-zero exit status 1.
[Mon Apr 14 12:26:31 2025]
Error in rule download_nextstrain_data:
    message: None
    jobid: 0
    output: flu_seasonal_h3n2_pb2_60y.json
    shell:
        
        mkdir -p nextstrain_trees
        nextstrain remote download https://nextstrain.org/groups/blab/flu/seasonal/h3n2/pb2/60y

        mv *.json /nextstrain_trees/*.json

        
        (command exited with non-zero exit code)
Removing output files of failed job download_nextstrain_data since they might be corrupted:
flu_seasonal_h3n2_pb2_60y.json
Shutting down, this might take some time.
Exiting because a job execution failed. Look below for error messages
[Mon Apr 14 12:26:31 2025]
Error in rule download_nextstrain_data:
    message: None
    jobid: 0
    output: flu_seasonal_h3n2_pb2_60y.json
    shell:
        
        mkdir -p nextstrain_trees
        nextstrain remote download https://nextstrain.org/groups/blab/flu/seasonal/h3n2/pb2/60y

        mv *.json /nextstrain_trees/*.json

        
        (command exited with non-zero exit code)
Complete log(s): /Users/Carlos/Desktop/Bedford/esm-selection/.snakemake/log/2025-04-14T122630.421500.snakemake.log
WorkflowError:
At least one job did not complete successfully.
