Assuming unrestricted shared filesystem usage.
None
host: Nicolass-MacBook-Pro-2.local
Building DAG of jobs...
Using shell: /bin/bash
Provided cores: 8
Rules claiming more threads will be scaled down.
Conda environments: ignored
Job stats:
job                    count
-------------------  -------
extract_node_fastas        1
total                      1

Select jobs to execute...
Execute 1 jobs...
[Mon Apr 14 16:48:13 2025]
localrule extract_node_fastas:
    input: nextstrain_trees/flu_seasonal_h3n2_pb2_60y_root-sequence.json, SM_scripts/extract_fasta_nodes.py
    output: nextstrain_trees/nodeSeqs_PB2.fasta
    jobid: 0
    reason: Missing output files: nextstrain_trees/nodeSeqs_PB2.fasta
    resources: tmpdir=/var/folders/d9/c2g9f9wx3sz_p7hzxj26b9w00000gp/T

Waiting for more resources.
RuleException:
CalledProcessError in file "/Users/Carlos/Desktop/Bedford/esm-selection/Snakefile", line 26:
Command 'set -euo pipefail;  
        cat nextstrain_trees/flu_seasonal_h3n2_pb2_60y_root-sequence.json
        touch nextstrain_trees/nodeSeqs_PB2.fasta
        
        python SM_scripts/extract_fasta_nodes.py nextstrain_trees/flu_seasonal_h3n2_pb2_60y_root-sequence.json
        #python SM_scripts/extract_fasta_nodes.py nextstrain_trees/flu_seasonal_h3n2_pb2_60y_root-sequence.json' returned non-zero exit status 1.
[Mon Apr 14 16:48:13 2025]
Error in rule extract_node_fastas:
    message: None
    jobid: 0
    input: nextstrain_trees/flu_seasonal_h3n2_pb2_60y_root-sequence.json, SM_scripts/extract_fasta_nodes.py
    output: nextstrain_trees/nodeSeqs_PB2.fasta
    shell:
        
        cat nextstrain_trees/flu_seasonal_h3n2_pb2_60y_root-sequence.json
        touch nextstrain_trees/nodeSeqs_PB2.fasta
        
        python SM_scripts/extract_fasta_nodes.py nextstrain_trees/flu_seasonal_h3n2_pb2_60y_root-sequence.json
        #python SM_scripts/extract_fasta_nodes.py nextstrain_trees/flu_seasonal_h3n2_pb2_60y_root-sequence.json
        
        (command exited with non-zero exit code)
Removing output files of failed job extract_node_fastas since they might be corrupted:
nextstrain_trees/nodeSeqs_PB2.fasta
Shutting down, this might take some time.
Exiting because a job execution failed. Look below for error messages
[Mon Apr 14 16:48:13 2025]
Error in rule extract_node_fastas:
    message: None
    jobid: 0
    input: nextstrain_trees/flu_seasonal_h3n2_pb2_60y_root-sequence.json, SM_scripts/extract_fasta_nodes.py
    output: nextstrain_trees/nodeSeqs_PB2.fasta
    shell:
        
        cat nextstrain_trees/flu_seasonal_h3n2_pb2_60y_root-sequence.json
        touch nextstrain_trees/nodeSeqs_PB2.fasta
        
        python SM_scripts/extract_fasta_nodes.py nextstrain_trees/flu_seasonal_h3n2_pb2_60y_root-sequence.json
        #python SM_scripts/extract_fasta_nodes.py nextstrain_trees/flu_seasonal_h3n2_pb2_60y_root-sequence.json
        
        (command exited with non-zero exit code)
Complete log(s): /Users/Carlos/Desktop/Bedford/esm-selection/.snakemake/log/2025-04-14T164813.669811.snakemake.log
WorkflowError:
At least one job did not complete successfully.
