Assuming unrestricted shared filesystem usage.
None
host: Nicolass-MacBook-Pro-2.local
Building DAG of jobs...
Using shell: /bin/bash
Provided cores: 8
Rules claiming more threads will be scaled down.
Job stats:
job                          count
-------------------------  -------
all                              1
extract_node_fastas              8
translate_nucleotide_json        8
total                           17

Select jobs to execute...
Execute 8 jobs...
[Tue Apr 15 13:36:26 2025]
localrule translate_nucleotide_json:
    input: h3n2_Sequences/h3n2_60y_pb2.json, h3n2_Sequences/h3n2_60y_pb2_root-sequence.json, SM_scripts/translate_nucleotide_to_protein.py
    output: root_tree_translated/h3n2_60y_pb2_root-sequence.json
    jobid: 2
    reason: Missing output files: root_tree_translated/h3n2_60y_pb2_root-sequence.json; Updated input files: SM_scripts/translate_nucleotide_to_protein.py
    wildcards: segment=pb2
    resources: tmpdir=/var/folders/d9/c2g9f9wx3sz_p7hzxj26b9w00000gp/T

Activating conda environment: .snakemake/conda/a08bd16c1f38b56d7a9f1570b29cae19_
[Tue Apr 15 13:36:26 2025]
localrule translate_nucleotide_json:
    input: h3n2_Sequences/h3n2_60y_na.json, h3n2_Sequences/h3n2_60y_na_root-sequence.json, SM_scripts/translate_nucleotide_to_protein.py
    output: root_tree_translated/h3n2_60y_na_root-sequence.json
    jobid: 10
    reason: Missing output files: root_tree_translated/h3n2_60y_na_root-sequence.json; Updated input files: SM_scripts/translate_nucleotide_to_protein.py
    wildcards: segment=na
    resources: tmpdir=/var/folders/d9/c2g9f9wx3sz_p7hzxj26b9w00000gp/T

Activating conda environment: .snakemake/conda/a08bd16c1f38b56d7a9f1570b29cae19_
[Tue Apr 15 13:36:26 2025]
localrule translate_nucleotide_json:
    input: h3n2_Sequences/h3n2_60y_np.json, h3n2_Sequences/h3n2_60y_np_root-sequence.json, SM_scripts/translate_nucleotide_to_protein.py
    output: root_tree_translated/h3n2_60y_np_root-sequence.json
    jobid: 8
    reason: Missing output files: root_tree_translated/h3n2_60y_np_root-sequence.json; Updated input files: SM_scripts/translate_nucleotide_to_protein.py
    wildcards: segment=np
    resources: tmpdir=/var/folders/d9/c2g9f9wx3sz_p7hzxj26b9w00000gp/T

Activating conda environment: .snakemake/conda/a08bd16c1f38b56d7a9f1570b29cae19_
[Tue Apr 15 13:36:26 2025]
localrule translate_nucleotide_json:
    input: h3n2_Sequences/h3n2_60y_pa.json, h3n2_Sequences/h3n2_60y_pa_root-sequence.json, SM_scripts/translate_nucleotide_to_protein.py
    output: root_tree_translated/h3n2_60y_pa_root-sequence.json
    jobid: 6
    reason: Missing output files: root_tree_translated/h3n2_60y_pa_root-sequence.json; Updated input files: SM_scripts/translate_nucleotide_to_protein.py
    wildcards: segment=pa
    resources: tmpdir=/var/folders/d9/c2g9f9wx3sz_p7hzxj26b9w00000gp/T

Activating conda environment: .snakemake/conda/a08bd16c1f38b56d7a9f1570b29cae19_
[Tue Apr 15 13:36:26 2025]
localrule translate_nucleotide_json:
    input: h3n2_Sequences/h3n2_60y_ha.json, h3n2_Sequences/h3n2_60y_ha_root-sequence.json, SM_scripts/translate_nucleotide_to_protein.py
    output: root_tree_translated/h3n2_60y_ha_root-sequence.json
    jobid: 16
    reason: Missing output files: root_tree_translated/h3n2_60y_ha_root-sequence.json
    wildcards: segment=ha
    resources: tmpdir=/var/folders/d9/c2g9f9wx3sz_p7hzxj26b9w00000gp/T

Activating conda environment: .snakemake/conda/a08bd16c1f38b56d7a9f1570b29cae19_
[Tue Apr 15 13:36:26 2025]
localrule translate_nucleotide_json:
    input: h3n2_Sequences/h3n2_60y_pb1.json, h3n2_Sequences/h3n2_60y_pb1_root-sequence.json, SM_scripts/translate_nucleotide_to_protein.py
    output: root_tree_translated/h3n2_60y_pb1_root-sequence.json
    jobid: 4
    reason: Missing output files: root_tree_translated/h3n2_60y_pb1_root-sequence.json; Updated input files: SM_scripts/translate_nucleotide_to_protein.py
    wildcards: segment=pb1
    resources: tmpdir=/var/folders/d9/c2g9f9wx3sz_p7hzxj26b9w00000gp/T

Activating conda environment: .snakemake/conda/a08bd16c1f38b56d7a9f1570b29cae19_
[Tue Apr 15 13:36:26 2025]
localrule translate_nucleotide_json:
    input: h3n2_Sequences/h3n2_60y_ns.json, h3n2_Sequences/h3n2_60y_ns_root-sequence.json, SM_scripts/translate_nucleotide_to_protein.py
    output: root_tree_translated/h3n2_60y_ns_root-sequence.json
    jobid: 14
    reason: Missing output files: root_tree_translated/h3n2_60y_ns_root-sequence.json
    wildcards: segment=ns
    resources: tmpdir=/var/folders/d9/c2g9f9wx3sz_p7hzxj26b9w00000gp/T

[Tue Apr 15 13:36:26 2025]
localrule translate_nucleotide_json:
    input: h3n2_Sequences/h3n2_60y_mp.json, h3n2_Sequences/h3n2_60y_mp_root-sequence.json, SM_scripts/translate_nucleotide_to_protein.py
    output: root_tree_translated/h3n2_60y_mp_root-sequence.json
    jobid: 12
    reason: Missing output files: root_tree_translated/h3n2_60y_mp_root-sequence.json
    wildcards: segment=mp
    resources: tmpdir=/var/folders/d9/c2g9f9wx3sz_p7hzxj26b9w00000gp/T

Activating conda environment: .snakemake/conda/a08bd16c1f38b56d7a9f1570b29cae19_
Activating conda environment: .snakemake/conda/a08bd16c1f38b56d7a9f1570b29cae19_
Waiting for more resources.
RuleException:
CalledProcessError in file "/Users/Carlos/Desktop/Bedford/esm-selection/Snakefile", line 19:
Command 'source /Users/Carlos/miniforge3/bin/activate '/Users/Carlos/Desktop/Bedford/esm-selection/.snakemake/conda/a08bd16c1f38b56d7a9f1570b29cae19_'; set -euo pipefail;  
        mkdir -p root_tree_translated
        python SM_scripts/translate_nucleotide_to_protein.py --tree h3n2_Sequences/h3n2_60y_mp.json --root h3n2_Sequences/h3n2_60y_mp_root-sequence.json --segment mp
        mv h3n2_60y_mp_root-sequence.json root_tree_translated/h3n2_60y_mp_root-sequence.json' returned non-zero exit status 1.
RuleException:
CalledProcessError in file "/Users/Carlos/Desktop/Bedford/esm-selection/Snakefile", line 19:
Command 'source /Users/Carlos/miniforge3/bin/activate '/Users/Carlos/Desktop/Bedford/esm-selection/.snakemake/conda/a08bd16c1f38b56d7a9f1570b29cae19_'; set -euo pipefail;  
        mkdir -p root_tree_translated
        python SM_scripts/translate_nucleotide_to_protein.py --tree h3n2_Sequences/h3n2_60y_pa.json --root h3n2_Sequences/h3n2_60y_pa_root-sequence.json --segment pa
        mv h3n2_60y_pa_root-sequence.json root_tree_translated/h3n2_60y_pa_root-sequence.json' returned non-zero exit status 1.
RuleException:
CalledProcessError in file "/Users/Carlos/Desktop/Bedford/esm-selection/Snakefile", line 19:
Command 'source /Users/Carlos/miniforge3/bin/activate '/Users/Carlos/Desktop/Bedford/esm-selection/.snakemake/conda/a08bd16c1f38b56d7a9f1570b29cae19_'; set -euo pipefail;  
        mkdir -p root_tree_translated
        python SM_scripts/translate_nucleotide_to_protein.py --tree h3n2_Sequences/h3n2_60y_pb2.json --root h3n2_Sequences/h3n2_60y_pb2_root-sequence.json --segment pb2
        mv h3n2_60y_pb2_root-sequence.json root_tree_translated/h3n2_60y_pb2_root-sequence.json' returned non-zero exit status 1.
[Tue Apr 15 13:36:27 2025]
Error in rule translate_nucleotide_json:
    message: None
    jobid: 2
    input: h3n2_Sequences/h3n2_60y_pb2.json, h3n2_Sequences/h3n2_60y_pb2_root-sequence.json, SM_scripts/translate_nucleotide_to_protein.py
    output: root_tree_translated/h3n2_60y_pb2_root-sequence.json
    conda-env: /Users/Carlos/Desktop/Bedford/esm-selection/.snakemake/conda/a08bd16c1f38b56d7a9f1570b29cae19_
    shell:
        
        mkdir -p root_tree_translated
        python SM_scripts/translate_nucleotide_to_protein.py --tree h3n2_Sequences/h3n2_60y_pb2.json --root h3n2_Sequences/h3n2_60y_pb2_root-sequence.json --segment pb2
        mv h3n2_60y_pb2_root-sequence.json root_tree_translated/h3n2_60y_pb2_root-sequence.json
        
        (command exited with non-zero exit code)
[Tue Apr 15 13:36:27 2025]
Error in rule translate_nucleotide_json:
    message: None
    jobid: 6
    input: h3n2_Sequences/h3n2_60y_pa.json, h3n2_Sequences/h3n2_60y_pa_root-sequence.json, SM_scripts/translate_nucleotide_to_protein.py
    output: root_tree_translated/h3n2_60y_pa_root-sequence.json
    conda-env: /Users/Carlos/Desktop/Bedford/esm-selection/.snakemake/conda/a08bd16c1f38b56d7a9f1570b29cae19_
    shell:
        
        mkdir -p root_tree_translated
        python SM_scripts/translate_nucleotide_to_protein.py --tree h3n2_Sequences/h3n2_60y_pa.json --root h3n2_Sequences/h3n2_60y_pa_root-sequence.json --segment pa
        mv h3n2_60y_pa_root-sequence.json root_tree_translated/h3n2_60y_pa_root-sequence.json
        
        (command exited with non-zero exit code)
[Tue Apr 15 13:36:27 2025]
Error in rule translate_nucleotide_json:
    message: None
    jobid: 12
    input: h3n2_Sequences/h3n2_60y_mp.json, h3n2_Sequences/h3n2_60y_mp_root-sequence.json, SM_scripts/translate_nucleotide_to_protein.py
    output: root_tree_translated/h3n2_60y_mp_root-sequence.json
    conda-env: /Users/Carlos/Desktop/Bedford/esm-selection/.snakemake/conda/a08bd16c1f38b56d7a9f1570b29cae19_
    shell:
        
        mkdir -p root_tree_translated
        python SM_scripts/translate_nucleotide_to_protein.py --tree h3n2_Sequences/h3n2_60y_mp.json --root h3n2_Sequences/h3n2_60y_mp_root-sequence.json --segment mp
        mv h3n2_60y_mp_root-sequence.json root_tree_translated/h3n2_60y_mp_root-sequence.json
        
        (command exited with non-zero exit code)
RuleException:
CalledProcessError in file "/Users/Carlos/Desktop/Bedford/esm-selection/Snakefile", line 19:
Command 'source /Users/Carlos/miniforge3/bin/activate '/Users/Carlos/Desktop/Bedford/esm-selection/.snakemake/conda/a08bd16c1f38b56d7a9f1570b29cae19_'; set -euo pipefail;  
        mkdir -p root_tree_translated
        python SM_scripts/translate_nucleotide_to_protein.py --tree h3n2_Sequences/h3n2_60y_ns.json --root h3n2_Sequences/h3n2_60y_ns_root-sequence.json --segment ns
        mv h3n2_60y_ns_root-sequence.json root_tree_translated/h3n2_60y_ns_root-sequence.json' returned non-zero exit status 1.
[Tue Apr 15 13:36:27 2025]
Error in rule translate_nucleotide_json:
    message: None
    jobid: 14
    input: h3n2_Sequences/h3n2_60y_ns.json, h3n2_Sequences/h3n2_60y_ns_root-sequence.json, SM_scripts/translate_nucleotide_to_protein.py
    output: root_tree_translated/h3n2_60y_ns_root-sequence.json
    conda-env: /Users/Carlos/Desktop/Bedford/esm-selection/.snakemake/conda/a08bd16c1f38b56d7a9f1570b29cae19_
    shell:
        
        mkdir -p root_tree_translated
        python SM_scripts/translate_nucleotide_to_protein.py --tree h3n2_Sequences/h3n2_60y_ns.json --root h3n2_Sequences/h3n2_60y_ns_root-sequence.json --segment ns
        mv h3n2_60y_ns_root-sequence.json root_tree_translated/h3n2_60y_ns_root-sequence.json
        
        (command exited with non-zero exit code)
RuleException:
CalledProcessError in file "/Users/Carlos/Desktop/Bedford/esm-selection/Snakefile", line 19:
Command 'source /Users/Carlos/miniforge3/bin/activate '/Users/Carlos/Desktop/Bedford/esm-selection/.snakemake/conda/a08bd16c1f38b56d7a9f1570b29cae19_'; set -euo pipefail;  
        mkdir -p root_tree_translated
        python SM_scripts/translate_nucleotide_to_protein.py --tree h3n2_Sequences/h3n2_60y_np.json --root h3n2_Sequences/h3n2_60y_np_root-sequence.json --segment np
        mv h3n2_60y_np_root-sequence.json root_tree_translated/h3n2_60y_np_root-sequence.json' returned non-zero exit status 1.
[Tue Apr 15 13:36:27 2025]
Error in rule translate_nucleotide_json:
    message: None
    jobid: 8
    input: h3n2_Sequences/h3n2_60y_np.json, h3n2_Sequences/h3n2_60y_np_root-sequence.json, SM_scripts/translate_nucleotide_to_protein.py
    output: root_tree_translated/h3n2_60y_np_root-sequence.json
    conda-env: /Users/Carlos/Desktop/Bedford/esm-selection/.snakemake/conda/a08bd16c1f38b56d7a9f1570b29cae19_
    shell:
        
        mkdir -p root_tree_translated
        python SM_scripts/translate_nucleotide_to_protein.py --tree h3n2_Sequences/h3n2_60y_np.json --root h3n2_Sequences/h3n2_60y_np_root-sequence.json --segment np
        mv h3n2_60y_np_root-sequence.json root_tree_translated/h3n2_60y_np_root-sequence.json
        
        (command exited with non-zero exit code)
RuleException:
CalledProcessError in file "/Users/Carlos/Desktop/Bedford/esm-selection/Snakefile", line 19:
Command 'source /Users/Carlos/miniforge3/bin/activate '/Users/Carlos/Desktop/Bedford/esm-selection/.snakemake/conda/a08bd16c1f38b56d7a9f1570b29cae19_'; set -euo pipefail;  
        mkdir -p root_tree_translated
        python SM_scripts/translate_nucleotide_to_protein.py --tree h3n2_Sequences/h3n2_60y_pb1.json --root h3n2_Sequences/h3n2_60y_pb1_root-sequence.json --segment pb1
        mv h3n2_60y_pb1_root-sequence.json root_tree_translated/h3n2_60y_pb1_root-sequence.json' returned non-zero exit status 1.
[Tue Apr 15 13:36:27 2025]
Error in rule translate_nucleotide_json:
    message: None
    jobid: 4
    input: h3n2_Sequences/h3n2_60y_pb1.json, h3n2_Sequences/h3n2_60y_pb1_root-sequence.json, SM_scripts/translate_nucleotide_to_protein.py
    output: root_tree_translated/h3n2_60y_pb1_root-sequence.json
    conda-env: /Users/Carlos/Desktop/Bedford/esm-selection/.snakemake/conda/a08bd16c1f38b56d7a9f1570b29cae19_
    shell:
        
        mkdir -p root_tree_translated
        python SM_scripts/translate_nucleotide_to_protein.py --tree h3n2_Sequences/h3n2_60y_pb1.json --root h3n2_Sequences/h3n2_60y_pb1_root-sequence.json --segment pb1
        mv h3n2_60y_pb1_root-sequence.json root_tree_translated/h3n2_60y_pb1_root-sequence.json
        
        (command exited with non-zero exit code)
RuleException:
CalledProcessError in file "/Users/Carlos/Desktop/Bedford/esm-selection/Snakefile", line 19:
Command 'source /Users/Carlos/miniforge3/bin/activate '/Users/Carlos/Desktop/Bedford/esm-selection/.snakemake/conda/a08bd16c1f38b56d7a9f1570b29cae19_'; set -euo pipefail;  
        mkdir -p root_tree_translated
        python SM_scripts/translate_nucleotide_to_protein.py --tree h3n2_Sequences/h3n2_60y_na.json --root h3n2_Sequences/h3n2_60y_na_root-sequence.json --segment na
        mv h3n2_60y_na_root-sequence.json root_tree_translated/h3n2_60y_na_root-sequence.json' returned non-zero exit status 1.
RuleException:
CalledProcessError in file "/Users/Carlos/Desktop/Bedford/esm-selection/Snakefile", line 19:
Command 'source /Users/Carlos/miniforge3/bin/activate '/Users/Carlos/Desktop/Bedford/esm-selection/.snakemake/conda/a08bd16c1f38b56d7a9f1570b29cae19_'; set -euo pipefail;  
        mkdir -p root_tree_translated
        python SM_scripts/translate_nucleotide_to_protein.py --tree h3n2_Sequences/h3n2_60y_ha.json --root h3n2_Sequences/h3n2_60y_ha_root-sequence.json --segment ha
        mv h3n2_60y_ha_root-sequence.json root_tree_translated/h3n2_60y_ha_root-sequence.json' returned non-zero exit status 1.
[Tue Apr 15 13:36:27 2025]
Error in rule translate_nucleotide_json:
    message: None
    jobid: 10
    input: h3n2_Sequences/h3n2_60y_na.json, h3n2_Sequences/h3n2_60y_na_root-sequence.json, SM_scripts/translate_nucleotide_to_protein.py
    output: root_tree_translated/h3n2_60y_na_root-sequence.json
    conda-env: /Users/Carlos/Desktop/Bedford/esm-selection/.snakemake/conda/a08bd16c1f38b56d7a9f1570b29cae19_
    shell:
        
        mkdir -p root_tree_translated
        python SM_scripts/translate_nucleotide_to_protein.py --tree h3n2_Sequences/h3n2_60y_na.json --root h3n2_Sequences/h3n2_60y_na_root-sequence.json --segment na
        mv h3n2_60y_na_root-sequence.json root_tree_translated/h3n2_60y_na_root-sequence.json
        
        (command exited with non-zero exit code)
[Tue Apr 15 13:36:27 2025]
Error in rule translate_nucleotide_json:
    message: None
    jobid: 16
    input: h3n2_Sequences/h3n2_60y_ha.json, h3n2_Sequences/h3n2_60y_ha_root-sequence.json, SM_scripts/translate_nucleotide_to_protein.py
    output: root_tree_translated/h3n2_60y_ha_root-sequence.json
    conda-env: /Users/Carlos/Desktop/Bedford/esm-selection/.snakemake/conda/a08bd16c1f38b56d7a9f1570b29cae19_
    shell:
        
        mkdir -p root_tree_translated
        python SM_scripts/translate_nucleotide_to_protein.py --tree h3n2_Sequences/h3n2_60y_ha.json --root h3n2_Sequences/h3n2_60y_ha_root-sequence.json --segment ha
        mv h3n2_60y_ha_root-sequence.json root_tree_translated/h3n2_60y_ha_root-sequence.json
        
        (command exited with non-zero exit code)
Shutting down, this might take some time.
Exiting because a job execution failed. Look below for error messages
[Tue Apr 15 13:36:27 2025]
Error in rule translate_nucleotide_json:
    message: None
    jobid: 2
    input: h3n2_Sequences/h3n2_60y_pb2.json, h3n2_Sequences/h3n2_60y_pb2_root-sequence.json, SM_scripts/translate_nucleotide_to_protein.py
    output: root_tree_translated/h3n2_60y_pb2_root-sequence.json
    conda-env: /Users/Carlos/Desktop/Bedford/esm-selection/.snakemake/conda/a08bd16c1f38b56d7a9f1570b29cae19_
    shell:
        
        mkdir -p root_tree_translated
        python SM_scripts/translate_nucleotide_to_protein.py --tree h3n2_Sequences/h3n2_60y_pb2.json --root h3n2_Sequences/h3n2_60y_pb2_root-sequence.json --segment pb2
        mv h3n2_60y_pb2_root-sequence.json root_tree_translated/h3n2_60y_pb2_root-sequence.json
        
        (command exited with non-zero exit code)
[Tue Apr 15 13:36:27 2025]
Error in rule translate_nucleotide_json:
    message: None
    jobid: 10
    input: h3n2_Sequences/h3n2_60y_na.json, h3n2_Sequences/h3n2_60y_na_root-sequence.json, SM_scripts/translate_nucleotide_to_protein.py
    output: root_tree_translated/h3n2_60y_na_root-sequence.json
    conda-env: /Users/Carlos/Desktop/Bedford/esm-selection/.snakemake/conda/a08bd16c1f38b56d7a9f1570b29cae19_
    shell:
        
        mkdir -p root_tree_translated
        python SM_scripts/translate_nucleotide_to_protein.py --tree h3n2_Sequences/h3n2_60y_na.json --root h3n2_Sequences/h3n2_60y_na_root-sequence.json --segment na
        mv h3n2_60y_na_root-sequence.json root_tree_translated/h3n2_60y_na_root-sequence.json
        
        (command exited with non-zero exit code)
[Tue Apr 15 13:36:27 2025]
Error in rule translate_nucleotide_json:
    message: None
    jobid: 8
    input: h3n2_Sequences/h3n2_60y_np.json, h3n2_Sequences/h3n2_60y_np_root-sequence.json, SM_scripts/translate_nucleotide_to_protein.py
    output: root_tree_translated/h3n2_60y_np_root-sequence.json
    conda-env: /Users/Carlos/Desktop/Bedford/esm-selection/.snakemake/conda/a08bd16c1f38b56d7a9f1570b29cae19_
    shell:
        
        mkdir -p root_tree_translated
        python SM_scripts/translate_nucleotide_to_protein.py --tree h3n2_Sequences/h3n2_60y_np.json --root h3n2_Sequences/h3n2_60y_np_root-sequence.json --segment np
        mv h3n2_60y_np_root-sequence.json root_tree_translated/h3n2_60y_np_root-sequence.json
        
        (command exited with non-zero exit code)
[Tue Apr 15 13:36:27 2025]
Error in rule translate_nucleotide_json:
    message: None
    jobid: 6
    input: h3n2_Sequences/h3n2_60y_pa.json, h3n2_Sequences/h3n2_60y_pa_root-sequence.json, SM_scripts/translate_nucleotide_to_protein.py
    output: root_tree_translated/h3n2_60y_pa_root-sequence.json
    conda-env: /Users/Carlos/Desktop/Bedford/esm-selection/.snakemake/conda/a08bd16c1f38b56d7a9f1570b29cae19_
    shell:
        
        mkdir -p root_tree_translated
        python SM_scripts/translate_nucleotide_to_protein.py --tree h3n2_Sequences/h3n2_60y_pa.json --root h3n2_Sequences/h3n2_60y_pa_root-sequence.json --segment pa
        mv h3n2_60y_pa_root-sequence.json root_tree_translated/h3n2_60y_pa_root-sequence.json
        
        (command exited with non-zero exit code)
[Tue Apr 15 13:36:27 2025]
Error in rule translate_nucleotide_json:
    message: None
    jobid: 16
    input: h3n2_Sequences/h3n2_60y_ha.json, h3n2_Sequences/h3n2_60y_ha_root-sequence.json, SM_scripts/translate_nucleotide_to_protein.py
    output: root_tree_translated/h3n2_60y_ha_root-sequence.json
    conda-env: /Users/Carlos/Desktop/Bedford/esm-selection/.snakemake/conda/a08bd16c1f38b56d7a9f1570b29cae19_
    shell:
        
        mkdir -p root_tree_translated
        python SM_scripts/translate_nucleotide_to_protein.py --tree h3n2_Sequences/h3n2_60y_ha.json --root h3n2_Sequences/h3n2_60y_ha_root-sequence.json --segment ha
        mv h3n2_60y_ha_root-sequence.json root_tree_translated/h3n2_60y_ha_root-sequence.json
        
        (command exited with non-zero exit code)
[Tue Apr 15 13:36:27 2025]
Error in rule translate_nucleotide_json:
    message: None
    jobid: 4
    input: h3n2_Sequences/h3n2_60y_pb1.json, h3n2_Sequences/h3n2_60y_pb1_root-sequence.json, SM_scripts/translate_nucleotide_to_protein.py
    output: root_tree_translated/h3n2_60y_pb1_root-sequence.json
    conda-env: /Users/Carlos/Desktop/Bedford/esm-selection/.snakemake/conda/a08bd16c1f38b56d7a9f1570b29cae19_
    shell:
        
        mkdir -p root_tree_translated
        python SM_scripts/translate_nucleotide_to_protein.py --tree h3n2_Sequences/h3n2_60y_pb1.json --root h3n2_Sequences/h3n2_60y_pb1_root-sequence.json --segment pb1
        mv h3n2_60y_pb1_root-sequence.json root_tree_translated/h3n2_60y_pb1_root-sequence.json
        
        (command exited with non-zero exit code)
[Tue Apr 15 13:36:27 2025]
Error in rule translate_nucleotide_json:
    message: None
    jobid: 14
    input: h3n2_Sequences/h3n2_60y_ns.json, h3n2_Sequences/h3n2_60y_ns_root-sequence.json, SM_scripts/translate_nucleotide_to_protein.py
    output: root_tree_translated/h3n2_60y_ns_root-sequence.json
    conda-env: /Users/Carlos/Desktop/Bedford/esm-selection/.snakemake/conda/a08bd16c1f38b56d7a9f1570b29cae19_
    shell:
        
        mkdir -p root_tree_translated
        python SM_scripts/translate_nucleotide_to_protein.py --tree h3n2_Sequences/h3n2_60y_ns.json --root h3n2_Sequences/h3n2_60y_ns_root-sequence.json --segment ns
        mv h3n2_60y_ns_root-sequence.json root_tree_translated/h3n2_60y_ns_root-sequence.json
        
        (command exited with non-zero exit code)
[Tue Apr 15 13:36:27 2025]
Error in rule translate_nucleotide_json:
    message: None
    jobid: 12
    input: h3n2_Sequences/h3n2_60y_mp.json, h3n2_Sequences/h3n2_60y_mp_root-sequence.json, SM_scripts/translate_nucleotide_to_protein.py
    output: root_tree_translated/h3n2_60y_mp_root-sequence.json
    conda-env: /Users/Carlos/Desktop/Bedford/esm-selection/.snakemake/conda/a08bd16c1f38b56d7a9f1570b29cae19_
    shell:
        
        mkdir -p root_tree_translated
        python SM_scripts/translate_nucleotide_to_protein.py --tree h3n2_Sequences/h3n2_60y_mp.json --root h3n2_Sequences/h3n2_60y_mp_root-sequence.json --segment mp
        mv h3n2_60y_mp_root-sequence.json root_tree_translated/h3n2_60y_mp_root-sequence.json
        
        (command exited with non-zero exit code)
Complete log(s): /Users/Carlos/Desktop/Bedford/esm-selection/.snakemake/log/2025-04-15T133624.673021.snakemake.log
WorkflowError:
At least one job did not complete successfully.
