Assuming unrestricted shared filesystem usage.
None
host: Nicolass-MacBook-Pro-2.local
Building DAG of jobs...
Using shell: /bin/bash
Provided cores: 8
Rules claiming more threads will be scaled down.
Conda environments: ignored
Job stats:
job                         count
------------------------  -------
download_nextstrain_data        1
total                           1

Select jobs to execute...
Execute 1 jobs...
[Mon Apr 14 12:13:19 2025]
localrule download_nextstrain_data:
    jobid: 0
    reason: Rules with neither input nor output files are always executed.
    resources: tmpdir=/var/folders/d9/c2g9f9wx3sz_p7hzxj26b9w00000gp/T

Waiting for more resources.
RuleException:
CalledProcessError in file "/Users/Carlos/Desktop/Bedford/esm-selection/Snakefile", line 8:
Command 'set -euo pipefail;  
        nextstrain remote download https://nextstrain.org/groups/blab/flu/seasonal/h3n2/pb2/60y --output' returned non-zero exit status 2.
[Mon Apr 14 12:13:19 2025]
Error in rule download_nextstrain_data:
    message: None
    jobid: 0
    shell:
        
        nextstrain remote download https://nextstrain.org/groups/blab/flu/seasonal/h3n2/pb2/60y --output 
        
        (command exited with non-zero exit code)
Shutting down, this might take some time.
Exiting because a job execution failed. Look below for error messages
[Mon Apr 14 12:13:19 2025]
Error in rule download_nextstrain_data:
    message: None
    jobid: 0
    shell:
        
        nextstrain remote download https://nextstrain.org/groups/blab/flu/seasonal/h3n2/pb2/60y --output 
        
        (command exited with non-zero exit code)
Complete log(s): /Users/Carlos/Desktop/Bedford/esm-selection/.snakemake/log/2025-04-14T121319.204116.snakemake.log
WorkflowError:
At least one job did not complete successfully.
