Assuming unrestricted shared filesystem usage.
None
host: Nicolass-MacBook-Pro-2.local
Building DAG of jobs...
Using shell: /bin/bash
Provided cores: 8
Rules claiming more threads will be scaled down.
Job stats:
job                          count
-------------------------  -------
all                              1
extract_node_fastas              8
translate_nucleotide_json        8
total                           17

Select jobs to execute...
Execute 8 jobs...
[Tue Apr 15 13:47:00 2025]
localrule translate_nucleotide_json:
    input: h3n2_Sequences/h3n2_60y_pb2.json, h3n2_Sequences/h3n2_60y_pb2_root-sequence.json, SM_scripts/translate_nucleotide_to_protein.py
    output: root_tree_translated/h3n2_60y_pb2_root-sequence.json
    jobid: 2
    reason: Updated input files: SM_scripts/translate_nucleotide_to_protein.py
    wildcards: segment=pb2
    resources: tmpdir=/var/folders/d9/c2g9f9wx3sz_p7hzxj26b9w00000gp/T

Activating conda environment: .snakemake/conda/a08bd16c1f38b56d7a9f1570b29cae19_
[Tue Apr 15 13:47:00 2025]
localrule translate_nucleotide_json:
    input: h3n2_Sequences/h3n2_60y_na.json, h3n2_Sequences/h3n2_60y_na_root-sequence.json, SM_scripts/translate_nucleotide_to_protein.py
    output: root_tree_translated/h3n2_60y_na_root-sequence.json
    jobid: 10
    reason: Updated input files: SM_scripts/translate_nucleotide_to_protein.py
    wildcards: segment=na
    resources: tmpdir=/var/folders/d9/c2g9f9wx3sz_p7hzxj26b9w00000gp/T

Activating conda environment: .snakemake/conda/a08bd16c1f38b56d7a9f1570b29cae19_
[Tue Apr 15 13:47:00 2025]
localrule translate_nucleotide_json:
    input: h3n2_Sequences/h3n2_60y_np.json, h3n2_Sequences/h3n2_60y_np_root-sequence.json, SM_scripts/translate_nucleotide_to_protein.py
    output: root_tree_translated/h3n2_60y_np_root-sequence.json
    jobid: 8
    reason: Updated input files: SM_scripts/translate_nucleotide_to_protein.py
    wildcards: segment=np
    resources: tmpdir=/var/folders/d9/c2g9f9wx3sz_p7hzxj26b9w00000gp/T

Activating conda environment: .snakemake/conda/a08bd16c1f38b56d7a9f1570b29cae19_
[Tue Apr 15 13:47:00 2025]
localrule translate_nucleotide_json:
    input: h3n2_Sequences/h3n2_60y_pa.json, h3n2_Sequences/h3n2_60y_pa_root-sequence.json, SM_scripts/translate_nucleotide_to_protein.py
    output: root_tree_translated/h3n2_60y_pa_root-sequence.json
    jobid: 6
    reason: Updated input files: SM_scripts/translate_nucleotide_to_protein.py
    wildcards: segment=pa
    resources: tmpdir=/var/folders/d9/c2g9f9wx3sz_p7hzxj26b9w00000gp/T

Activating conda environment: .snakemake/conda/a08bd16c1f38b56d7a9f1570b29cae19_
[Tue Apr 15 13:47:00 2025]
localrule translate_nucleotide_json:
    input: h3n2_Sequences/h3n2_60y_ha.json, h3n2_Sequences/h3n2_60y_ha_root-sequence.json, SM_scripts/translate_nucleotide_to_protein.py
    output: root_tree_translated/h3n2_60y_ha_root-sequence.json
    jobid: 16
    reason: Updated input files: SM_scripts/translate_nucleotide_to_protein.py
    wildcards: segment=ha
    resources: tmpdir=/var/folders/d9/c2g9f9wx3sz_p7hzxj26b9w00000gp/T

Activating conda environment: .snakemake/conda/a08bd16c1f38b56d7a9f1570b29cae19_
[Tue Apr 15 13:47:00 2025]
localrule translate_nucleotide_json:
    input: h3n2_Sequences/h3n2_60y_pb1.json, h3n2_Sequences/h3n2_60y_pb1_root-sequence.json, SM_scripts/translate_nucleotide_to_protein.py
    output: root_tree_translated/h3n2_60y_pb1_root-sequence.json
    jobid: 4
    reason: Updated input files: SM_scripts/translate_nucleotide_to_protein.py
    wildcards: segment=pb1
    resources: tmpdir=/var/folders/d9/c2g9f9wx3sz_p7hzxj26b9w00000gp/T

Activating conda environment: .snakemake/conda/a08bd16c1f38b56d7a9f1570b29cae19_
[Tue Apr 15 13:47:00 2025]
localrule translate_nucleotide_json:
    input: h3n2_Sequences/h3n2_60y_ns.json, h3n2_Sequences/h3n2_60y_ns_root-sequence.json, SM_scripts/translate_nucleotide_to_protein.py
    output: root_tree_translated/h3n2_60y_ns_root-sequence.json
    jobid: 14
    reason: Missing output files: root_tree_translated/h3n2_60y_ns_root-sequence.json
    wildcards: segment=ns
    resources: tmpdir=/var/folders/d9/c2g9f9wx3sz_p7hzxj26b9w00000gp/T

Activating conda environment: .snakemake/conda/a08bd16c1f38b56d7a9f1570b29cae19_
[Tue Apr 15 13:47:00 2025]
localrule translate_nucleotide_json:
    input: h3n2_Sequences/h3n2_60y_mp.json, h3n2_Sequences/h3n2_60y_mp_root-sequence.json, SM_scripts/translate_nucleotide_to_protein.py
    output: root_tree_translated/h3n2_60y_mp_root-sequence.json
    jobid: 12
    reason: Updated input files: SM_scripts/translate_nucleotide_to_protein.py
    wildcards: segment=mp
    resources: tmpdir=/var/folders/d9/c2g9f9wx3sz_p7hzxj26b9w00000gp/T

Activating conda environment: .snakemake/conda/a08bd16c1f38b56d7a9f1570b29cae19_
Waiting for more resources.
[Tue Apr 15 13:47:01 2025]
Finished jobid: 16 (Rule: translate_nucleotide_json)
1 of 17 steps (6%) done
Select jobs to execute...
Execute 1 jobs...
[Tue Apr 15 13:47:01 2025]
localrule extract_node_fastas:
    input: h3n2_Sequences/h3n2_60y_ha.json, root_tree_translated/h3n2_60y_ha_root-sequence.json, SM_scripts/extract_fasta_nodes.py
    output: nextstrain_trees/nodeSeqs_ha.fasta
    jobid: 15
    reason: Input files updated by another job: root_tree_translated/h3n2_60y_ha_root-sequence.json
    wildcards: segment=ha
    resources: tmpdir=/var/folders/d9/c2g9f9wx3sz_p7hzxj26b9w00000gp/T

Waiting for more resources.
Activating conda environment: .snakemake/conda/a08bd16c1f38b56d7a9f1570b29cae19_
[Tue Apr 15 13:47:01 2025]
Finished jobid: 12 (Rule: translate_nucleotide_json)
2 of 17 steps (12%) done
Select jobs to execute...
Execute 1 jobs...
[Tue Apr 15 13:47:01 2025]
localrule extract_node_fastas:
    input: h3n2_Sequences/h3n2_60y_mp.json, root_tree_translated/h3n2_60y_mp_root-sequence.json, SM_scripts/extract_fasta_nodes.py
    output: nextstrain_trees/nodeSeqs_mp.fasta
    jobid: 11
    reason: Input files updated by another job: root_tree_translated/h3n2_60y_mp_root-sequence.json
    wildcards: segment=mp
    resources: tmpdir=/var/folders/d9/c2g9f9wx3sz_p7hzxj26b9w00000gp/T

Activating conda environment: .snakemake/conda/a08bd16c1f38b56d7a9f1570b29cae19_
Waiting for more resources.
[Tue Apr 15 13:47:01 2025]
Finished jobid: 14 (Rule: translate_nucleotide_json)
3 of 17 steps (18%) done
Select jobs to execute...
Execute 1 jobs...
[Tue Apr 15 13:47:01 2025]
localrule extract_node_fastas:
    input: h3n2_Sequences/h3n2_60y_ns.json, root_tree_translated/h3n2_60y_ns_root-sequence.json, SM_scripts/extract_fasta_nodes.py
    output: nextstrain_trees/nodeSeqs_ns.fasta
    jobid: 13
    reason: Missing output files: nextstrain_trees/nodeSeqs_ns.fasta; Input files updated by another job: root_tree_translated/h3n2_60y_ns_root-sequence.json
    wildcards: segment=ns
    resources: tmpdir=/var/folders/d9/c2g9f9wx3sz_p7hzxj26b9w00000gp/T

Activating conda environment: .snakemake/conda/a08bd16c1f38b56d7a9f1570b29cae19_
Waiting for more resources.
[Tue Apr 15 13:47:01 2025]
Finished jobid: 8 (Rule: translate_nucleotide_json)
4 of 17 steps (24%) done
Select jobs to execute...
Execute 1 jobs...
[Tue Apr 15 13:47:01 2025]
localrule extract_node_fastas:
    input: h3n2_Sequences/h3n2_60y_np.json, root_tree_translated/h3n2_60y_np_root-sequence.json, SM_scripts/extract_fasta_nodes.py
    output: nextstrain_trees/nodeSeqs_np.fasta
    jobid: 7
    reason: Input files updated by another job: root_tree_translated/h3n2_60y_np_root-sequence.json
    wildcards: segment=np
    resources: tmpdir=/var/folders/d9/c2g9f9wx3sz_p7hzxj26b9w00000gp/T

Activating conda environment: .snakemake/conda/a08bd16c1f38b56d7a9f1570b29cae19_
Waiting for more resources.
[Tue Apr 15 13:47:01 2025]
Finished jobid: 4 (Rule: translate_nucleotide_json)
5 of 17 steps (29%) done
[Tue Apr 15 13:47:01 2025]
Finished jobid: 2 (Rule: translate_nucleotide_json)
6 of 17 steps (35%) done
[Tue Apr 15 13:47:01 2025]
Finished jobid: 6 (Rule: translate_nucleotide_json)
7 of 17 steps (41%) done
Select jobs to execute...
Execute 3 jobs...
[Tue Apr 15 13:47:01 2025]
localrule extract_node_fastas:
    input: h3n2_Sequences/h3n2_60y_pa.json, root_tree_translated/h3n2_60y_pa_root-sequence.json, SM_scripts/extract_fasta_nodes.py
    output: nextstrain_trees/nodeSeqs_pa.fasta
    jobid: 5
    reason: Input files updated by another job: root_tree_translated/h3n2_60y_pa_root-sequence.json
    wildcards: segment=pa
    resources: tmpdir=/var/folders/d9/c2g9f9wx3sz_p7hzxj26b9w00000gp/T

Activating conda environment: .snakemake/conda/a08bd16c1f38b56d7a9f1570b29cae19_
[Tue Apr 15 13:47:01 2025]
localrule extract_node_fastas:
    input: h3n2_Sequences/h3n2_60y_pb2.json, root_tree_translated/h3n2_60y_pb2_root-sequence.json, SM_scripts/extract_fasta_nodes.py
    output: nextstrain_trees/nodeSeqs_pb2.fasta
    jobid: 1
    reason: Input files updated by another job: root_tree_translated/h3n2_60y_pb2_root-sequence.json
    wildcards: segment=pb2
    resources: tmpdir=/var/folders/d9/c2g9f9wx3sz_p7hzxj26b9w00000gp/T

Activating conda environment: .snakemake/conda/a08bd16c1f38b56d7a9f1570b29cae19_
[Tue Apr 15 13:47:01 2025]
localrule extract_node_fastas:
    input: h3n2_Sequences/h3n2_60y_pb1.json, root_tree_translated/h3n2_60y_pb1_root-sequence.json, SM_scripts/extract_fasta_nodes.py
    output: nextstrain_trees/nodeSeqs_pb1.fasta
    jobid: 3
    reason: Input files updated by another job: root_tree_translated/h3n2_60y_pb1_root-sequence.json
    wildcards: segment=pb1
    resources: tmpdir=/var/folders/d9/c2g9f9wx3sz_p7hzxj26b9w00000gp/T

Activating conda environment: .snakemake/conda/a08bd16c1f38b56d7a9f1570b29cae19_
Waiting for more resources.
[Tue Apr 15 13:47:01 2025]
Finished jobid: 10 (Rule: translate_nucleotide_json)
8 of 17 steps (47%) done
Select jobs to execute...
Execute 1 jobs...
[Tue Apr 15 13:47:01 2025]
localrule extract_node_fastas:
    input: h3n2_Sequences/h3n2_60y_na.json, root_tree_translated/h3n2_60y_na_root-sequence.json, SM_scripts/extract_fasta_nodes.py
    output: nextstrain_trees/nodeSeqs_na.fasta
    jobid: 9
    reason: Input files updated by another job: root_tree_translated/h3n2_60y_na_root-sequence.json
    wildcards: segment=na
    resources: tmpdir=/var/folders/d9/c2g9f9wx3sz_p7hzxj26b9w00000gp/T

Waiting for more resources.
Activating conda environment: .snakemake/conda/a08bd16c1f38b56d7a9f1570b29cae19_
[Tue Apr 15 13:47:04 2025]
Finished jobid: 13 (Rule: extract_node_fastas)
9 of 17 steps (53%) done
[Tue Apr 15 13:47:04 2025]
Finished jobid: 11 (Rule: extract_node_fastas)
10 of 17 steps (59%) done
[Tue Apr 15 13:47:04 2025]
Finished jobid: 7 (Rule: extract_node_fastas)
11 of 17 steps (65%) done
[Tue Apr 15 13:47:04 2025]
Finished jobid: 3 (Rule: extract_node_fastas)
12 of 17 steps (71%) done
[Tue Apr 15 13:47:04 2025]
Finished jobid: 1 (Rule: extract_node_fastas)
13 of 17 steps (76%) done
[Tue Apr 15 13:47:04 2025]
Finished jobid: 5 (Rule: extract_node_fastas)
14 of 17 steps (82%) done
[Tue Apr 15 13:47:04 2025]
Finished jobid: 9 (Rule: extract_node_fastas)
15 of 17 steps (88%) done
[Tue Apr 15 13:47:05 2025]
Finished jobid: 15 (Rule: extract_node_fastas)
16 of 17 steps (94%) done
Select jobs to execute...
Execute 1 jobs...
[Tue Apr 15 13:47:05 2025]
localrule all:
    input: nextstrain_trees/nodeSeqs_pb2.fasta, nextstrain_trees/nodeSeqs_pb1.fasta, nextstrain_trees/nodeSeqs_pa.fasta, nextstrain_trees/nodeSeqs_np.fasta, nextstrain_trees/nodeSeqs_na.fasta, nextstrain_trees/nodeSeqs_mp.fasta, nextstrain_trees/nodeSeqs_ns.fasta, nextstrain_trees/nodeSeqs_ha.fasta
    jobid: 0
    reason: Input files updated by another job: nextstrain_trees/nodeSeqs_pa.fasta, nextstrain_trees/nodeSeqs_mp.fasta, nextstrain_trees/nodeSeqs_ns.fasta, nextstrain_trees/nodeSeqs_pb1.fasta, nextstrain_trees/nodeSeqs_pb2.fasta, nextstrain_trees/nodeSeqs_np.fasta, nextstrain_trees/nodeSeqs_ha.fasta, nextstrain_trees/nodeSeqs_na.fasta
    resources: tmpdir=/var/folders/d9/c2g9f9wx3sz_p7hzxj26b9w00000gp/T

Waiting for more resources.
[Tue Apr 15 13:47:05 2025]
Finished jobid: 0 (Rule: all)
17 of 17 steps (100%) done
Complete log(s): /Users/Carlos/Desktop/Bedford/esm-selection/.snakemake/log/2025-04-15T134659.640610.snakemake.log
