Assuming unrestricted shared filesystem usage.
None
host: Nicolass-MacBook-Pro-2.local
Building DAG of jobs...
Using shell: /bin/bash
Provided cores: 8
Rules claiming more threads will be scaled down.
Conda environments: ignored
Job stats:
job                         count
------------------------  -------
download_nextstrain_data        1
total                           1

Select jobs to execute...
Execute 1 jobs...
[Mon Apr 14 14:13:28 2025]
localrule download_nextstrain_data:
    output: nextstrain_trees/flu_seasonal_h3n2_pb2_60y.json
    jobid: 0
    reason: Code has changed since last execution
    resources: tmpdir=/var/folders/d9/c2g9f9wx3sz_p7hzxj26b9w00000gp/T

Waiting for more resources.
[Mon Apr 14 14:13:29 2025]
Finished jobid: 0 (Rule: download_nextstrain_data)
1 of 1 steps (100%) done
Complete log(s): /Users/Carlos/Desktop/Bedford/esm-selection/.snakemake/log/2025-04-14T141328.165677.snakemake.log
