Assuming unrestricted shared filesystem usage.
None
host: Nicolass-MacBook-Pro-2.local
Building DAG of jobs...
Using shell: /bin/bash
Provided cores: 8
Rules claiming more threads will be scaled down.
Job stats:
job                         count
------------------------  -------
all                             1
download_nextstrain_data        2
extract_node_fastas             2
total                           5

Select jobs to execute...
Execute 2 jobs...
[Tue Apr 15 10:06:07 2025]
localrule download_nextstrain_data:
    output: nextstrain_trees/flu_seasonal_h3n2_mp_60y.json, nextstrain_trees/flu_seasonal_h3n2_mp_60y_tip-frequencies.json, nextstrain_trees/flu_seasonal_h3n2_mp_60y_root-sequence.json
    jobid: 12
    reason: Missing output files: nextstrain_trees/flu_seasonal_h3n2_mp_60y.json, nextstrain_trees/flu_seasonal_h3n2_mp_60y_root-sequence.json
    wildcards: segment=mp
    resources: tmpdir=/var/folders/d9/c2g9f9wx3sz_p7hzxj26b9w00000gp/T

Activating conda environment: .snakemake/conda/a08bd16c1f38b56d7a9f1570b29cae19_
[Tue Apr 15 10:06:07 2025]
localrule download_nextstrain_data:
    output: nextstrain_trees/flu_seasonal_h3n2_ns_60y.json, nextstrain_trees/flu_seasonal_h3n2_ns_60y_tip-frequencies.json, nextstrain_trees/flu_seasonal_h3n2_ns_60y_root-sequence.json
    jobid: 14
    reason: Missing output files: nextstrain_trees/flu_seasonal_h3n2_ns_60y.json, nextstrain_trees/flu_seasonal_h3n2_ns_60y_root-sequence.json
    wildcards: segment=ns
    resources: tmpdir=/var/folders/d9/c2g9f9wx3sz_p7hzxj26b9w00000gp/T

Activating conda environment: .snakemake/conda/a08bd16c1f38b56d7a9f1570b29cae19_
Waiting for more resources.
RuleException:
CalledProcessError in file "/Users/Carlos/Desktop/Bedford/esm-selection/Snakefile", line 22:
Command 'source /Users/Carlos/miniforge3/bin/activate '/Users/Carlos/Desktop/Bedford/esm-selection/.snakemake/conda/a08bd16c1f38b56d7a9f1570b29cae19_'; set -euo pipefail;  
        mkdir -p nextstrain_trees
        cd nextstrain_trees
        nextstrain remote download https://nextstrain.org/groups/blab/flu/seasonal/h3n2/mp/60y' returned non-zero exit status 1.
[Tue Apr 15 10:06:08 2025]
Error in rule download_nextstrain_data:
    message: None
    jobid: 12
    output: nextstrain_trees/flu_seasonal_h3n2_mp_60y.json, nextstrain_trees/flu_seasonal_h3n2_mp_60y_tip-frequencies.json, nextstrain_trees/flu_seasonal_h3n2_mp_60y_root-sequence.json
    conda-env: /Users/Carlos/Desktop/Bedford/esm-selection/.snakemake/conda/a08bd16c1f38b56d7a9f1570b29cae19_
    shell:
        
        mkdir -p nextstrain_trees
        cd nextstrain_trees
        nextstrain remote download https://nextstrain.org/groups/blab/flu/seasonal/h3n2/mp/60y
        
        (command exited with non-zero exit code)
RuleException:
CalledProcessError in file "/Users/Carlos/Desktop/Bedford/esm-selection/Snakefile", line 22:
Command 'source /Users/Carlos/miniforge3/bin/activate '/Users/Carlos/Desktop/Bedford/esm-selection/.snakemake/conda/a08bd16c1f38b56d7a9f1570b29cae19_'; set -euo pipefail;  
        mkdir -p nextstrain_trees
        cd nextstrain_trees
        nextstrain remote download https://nextstrain.org/groups/blab/flu/seasonal/h3n2/ns/60y' returned non-zero exit status 1.
[Tue Apr 15 10:06:08 2025]
Error in rule download_nextstrain_data:
    message: None
    jobid: 14
    output: nextstrain_trees/flu_seasonal_h3n2_ns_60y.json, nextstrain_trees/flu_seasonal_h3n2_ns_60y_tip-frequencies.json, nextstrain_trees/flu_seasonal_h3n2_ns_60y_root-sequence.json
    conda-env: /Users/Carlos/Desktop/Bedford/esm-selection/.snakemake/conda/a08bd16c1f38b56d7a9f1570b29cae19_
    shell:
        
        mkdir -p nextstrain_trees
        cd nextstrain_trees
        nextstrain remote download https://nextstrain.org/groups/blab/flu/seasonal/h3n2/ns/60y
        
        (command exited with non-zero exit code)
Shutting down, this might take some time.
Exiting because a job execution failed. Look below for error messages
[Tue Apr 15 10:06:08 2025]
Error in rule download_nextstrain_data:
    message: None
    jobid: 12
    output: nextstrain_trees/flu_seasonal_h3n2_mp_60y.json, nextstrain_trees/flu_seasonal_h3n2_mp_60y_tip-frequencies.json, nextstrain_trees/flu_seasonal_h3n2_mp_60y_root-sequence.json
    conda-env: /Users/Carlos/Desktop/Bedford/esm-selection/.snakemake/conda/a08bd16c1f38b56d7a9f1570b29cae19_
    shell:
        
        mkdir -p nextstrain_trees
        cd nextstrain_trees
        nextstrain remote download https://nextstrain.org/groups/blab/flu/seasonal/h3n2/mp/60y
        
        (command exited with non-zero exit code)
[Tue Apr 15 10:06:08 2025]
Error in rule download_nextstrain_data:
    message: None
    jobid: 14
    output: nextstrain_trees/flu_seasonal_h3n2_ns_60y.json, nextstrain_trees/flu_seasonal_h3n2_ns_60y_tip-frequencies.json, nextstrain_trees/flu_seasonal_h3n2_ns_60y_root-sequence.json
    conda-env: /Users/Carlos/Desktop/Bedford/esm-selection/.snakemake/conda/a08bd16c1f38b56d7a9f1570b29cae19_
    shell:
        
        mkdir -p nextstrain_trees
        cd nextstrain_trees
        nextstrain remote download https://nextstrain.org/groups/blab/flu/seasonal/h3n2/ns/60y
        
        (command exited with non-zero exit code)
Complete log(s): /Users/Carlos/Desktop/Bedford/esm-selection/.snakemake/log/2025-04-15T100605.172043.snakemake.log
WorkflowError:
At least one job did not complete successfully.
